{
  "/home/michal/Projects/feature-forge/.forge/worktrees/ws-91b6fdfa/packages/cli/src/test-utils.ts": {
    "path": "/home/michal/Projects/feature-forge/.forge/worktrees/ws-91b6fdfa/packages/cli/src/test-utils.ts",
    "statementMap": {
      "0": { "start": { "line": 44, "column": 58 }, "end": { "line": 44, "column": null } },
      "1": { "start": { "line": 45, "column": 2 }, "end": { "line": 45, "column": null } },
      "2": { "start": { "line": 45, "column": 28 }, "end": { "line": 45, "column": null } },
      "3": { "start": { "line": 46, "column": 2 }, "end": { "line": 46, "column": null } },
      "4": { "start": { "line": 63, "column": 2 }, "end": { "line": 74, "column": null } },
      "5": { "start": { "line": 65, "column": 6 }, "end": { "line": 72, "column": null } },
      "6": { "start": { "line": 83, "column": 31 }, "end": { "line": 83, "column": null } },
      "7": { "start": { "line": 84, "column": 30 }, "end": { "line": 84, "column": null } },
      "8": { "start": { "line": 86, "column": 20 }, "end": { "line": 86, "column": null } },
      "9": { "start": { "line": 93, "column": 4 }, "end": { "line": 93, "column": null } },
      "10": { "start": { "line": 90, "column": 20 }, "end": { "line": 90, "column": null } },
      "11": { "start": { "line": 94, "column": 4 }, "end": { "line": 94, "column": null } },
      "12": { "start": { "line": 95, "column": 4 }, "end": { "line": 95, "column": null } },
      "13": { "start": { "line": 96, "column": 4 }, "end": { "line": 96, "column": null } },
      "14": { "start": { "line": 100, "column": 4 }, "end": { "line": 100, "column": null } },
      "15": { "start": { "line": 104, "column": 4 }, "end": { "line": 104, "column": null } },
      "16": { "start": { "line": 105, "column": 4 }, "end": { "line": 105, "column": null } },
      "17": { "start": { "line": 106, "column": 4 }, "end": { "line": 106, "column": null } },
      "18": { "start": { "line": 107, "column": 4 }, "end": { "line": 107, "column": null } },
      "19": { "start": { "line": 108, "column": 4 }, "end": { "line": 108, "column": null } },
      "20": { "start": { "line": 112, "column": 4 }, "end": { "line": 112, "column": null } },
      "21": { "start": { "line": 116, "column": 4 }, "end": { "line": 116, "column": null } },
      "22": { "start": { "line": 116, "column": 47 }, "end": { "line": 116, "column": null } },
      "23": { "start": { "line": 117, "column": 4 }, "end": { "line": 117, "column": null } },
      "24": { "start": { "line": 121, "column": 4 }, "end": { "line": 123, "column": null } },
      "25": { "start": { "line": 122, "column": 6 }, "end": { "line": 122, "column": null } },
      "26": { "start": { "line": 124, "column": 4 }, "end": { "line": 124, "column": null } },
      "27": { "start": { "line": 128, "column": 4 }, "end": { "line": 128, "column": null } },
      "28": { "start": { "line": 129, "column": 4 }, "end": { "line": 129, "column": null } },
      "29": { "start": { "line": 141, "column": 45 }, "end": { "line": 147, "column": null } },
      "30": { "start": { "line": 144, "column": 20 }, "end": { "line": 144, "column": null } },
      "31": { "start": { "line": 145, "column": 6 }, "end": { "line": 145, "column": null } },
      "32": { "start": { "line": 146, "column": 6 }, "end": { "line": 146, "column": null } },
      "33": { "start": { "line": 148, "column": 2 }, "end": { "line": 148, "column": null } },
      "34": { "start": { "line": 156, "column": 2 }, "end": { "line": 165, "column": null } },
      "35": { "start": { "line": 169, "column": 19 }, "end": { "line": 169, "column": null } },
      "36": { "start": { "line": 170, "column": 32 }, "end": { "line": 170, "column": null } },
      "37": { "start": { "line": 172, "column": 2 }, "end": { "line": 183, "column": null } },
      "38": { "start": { "line": 174, "column": 6 }, "end": { "line": 174, "column": null } },
      "39": { "start": { "line": 177, "column": 6 }, "end": { "line": 177, "column": null } },
      "40": { "start": { "line": 178, "column": 6 }, "end": { "line": 178, "column": null } },
      "41": { "start": { "line": 180, "column": 32 }, "end": { "line": 180, "column": 48 } },
      "42": { "start": { "line": 182, "column": 35 }, "end": { "line": 182, "column": null } },
      "43": { "start": { "line": 193, "column": 2 }, "end": { "line": 196, "column": null } },
      "44": { "start": { "line": 211, "column": 31 }, "end": { "line": 211, "column": null } },
      "45": { "start": { "line": 213, "column": 30 }, "end": { "line": 213, "column": null } },
      "46": { "start": { "line": 215, "column": 33 }, "end": { "line": 215, "column": null } },
      "47": { "start": { "line": 217, "column": 26 }, "end": { "line": 217, "column": null } },
      "48": { "start": { "line": 223, "column": 4 }, "end": { "line": 223, "column": null } },
      "49": { "start": { "line": 221, "column": 20 }, "end": { "line": 221, "column": 31 } },
      "50": { "start": { "line": 230, "column": 4 }, "end": { "line": 232, "column": null } },
      "51": { "start": { "line": 231, "column": 6 }, "end": { "line": 231, "column": null } },
      "52": { "start": { "line": 233, "column": 17 }, "end": { "line": 233, "column": null } },
      "53": { "start": { "line": 234, "column": 4 }, "end": { "line": 234, "column": null } },
      "54": { "start": { "line": 235, "column": 4 }, "end": { "line": 235, "column": null } },
      "55": { "start": { "line": 239, "column": 4 }, "end": { "line": 241, "column": null } },
      "56": { "start": { "line": 240, "column": 6 }, "end": { "line": 240, "column": null } },
      "57": { "start": { "line": 242, "column": 4 }, "end": { "line": 247, "column": null } },
      "58": { "start": { "line": 243, "column": 6 }, "end": { "line": 246, "column": null } },
      "59": { "start": { "line": 244, "column": 8 }, "end": { "line": 244, "column": null } },
      "60": { "start": { "line": 245, "column": 8 }, "end": { "line": 245, "column": null } },
      "61": { "start": { "line": 265, "column": 4 }, "end": { "line": 265, "column": null } },
      "62": { "start": { "line": 273, "column": 4 }, "end": { "line": 273, "column": null } },
      "63": { "start": { "line": 277, "column": 4 }, "end": { "line": 277, "column": null } },
      "64": { "start": { "line": 281, "column": 4 }, "end": { "line": 281, "column": null } },
      "65": { "start": { "line": 285, "column": 4 }, "end": { "line": 285, "column": null } },
      "66": { "start": { "line": 290, "column": 4 }, "end": { "line": 290, "column": null } },
      "67": { "start": { "line": 299, "column": 2 }, "end": { "line": 299, "column": null } },
      "68": { "start": { "line": 303, "column": 2 }, "end": { "line": 309, "column": null } },
      "69": { "start": { "line": 317, "column": 2 }, "end": { "line": 360, "column": null } },
      "70": { "start": { "line": 319, "column": 6 }, "end": { "line": 337, "column": null } },
      "71": { "start": { "line": 324, "column": 10 }, "end": { "line": 324, "column": null } },
      "72": { "start": { "line": 340, "column": 6 }, "end": { "line": 358, "column": null } },
      "73": { "start": { "line": 345, "column": 10 }, "end": { "line": 345, "column": null } },
      "74": { "start": { "line": 364, "column": 19 }, "end": { "line": 364, "column": null } },
      "75": { "start": { "line": 367, "column": 4 }, "end": { "line": 367, "column": null } },
      "76": { "start": { "line": 367, "column": 29 }, "end": { "line": 367, "column": null } },
      "77": { "start": { "line": 368, "column": 4 }, "end": { "line": 370, "column": null } },
      "78": { "start": { "line": 369, "column": 6 }, "end": { "line": 369, "column": null } },
      "79": { "start": { "line": 371, "column": 4 }, "end": { "line": 371, "column": null } },
      "80": { "start": { "line": 374, "column": 18 }, "end": { "line": 382, "column": null } },
      "81": { "start": { "line": 375, "column": 4 }, "end": { "line": 381, "column": null } },
      "82": { "start": { "line": 376, "column": 6 }, "end": { "line": 380, "column": null } },
      "83": { "start": { "line": 377, "column": 8 }, "end": { "line": 379, "column": null } },
      "84": { "start": { "line": 378, "column": 10 }, "end": { "line": 378, "column": null } },
      "85": { "start": { "line": 384, "column": 16 }, "end": { "line": 392, "column": null } },
      "86": { "start": { "line": 385, "column": 4 }, "end": { "line": 387, "column": null } },
      "87": { "start": { "line": 386, "column": 6 }, "end": { "line": 386, "column": null } },
      "88": { "start": { "line": 388, "column": 4 }, "end": { "line": 388, "column": null } },
      "89": { "start": { "line": 389, "column": 4 }, "end": { "line": 391, "column": null } },
      "90": { "start": { "line": 390, "column": 6 }, "end": { "line": 390, "column": null } },
      "91": { "start": { "line": 394, "column": 19 }, "end": { "line": 396, "column": null } },
      "92": { "start": { "line": 395, "column": 4 }, "end": { "line": 395, "column": null } },
      "93": { "start": { "line": 398, "column": 2 }, "end": { "line": 402, "column": null } }
    },
    "fnMap": {
      "0": {
        "name": "toolListToRestrictions",
        "decl": { "start": { "line": 41, "column": 16 }, "end": { "line": 41, "column": null } },
        "loc": { "start": { "line": 43, "column": 37 }, "end": { "line": 47, "column": null } },
        "line": 43
      },
      "1": {
        "name": "makeSpec",
        "decl": { "start": { "line": 53, "column": 16 }, "end": { "line": 53, "column": null } },
        "loc": { "start": { "line": 62, "column": 22 }, "end": { "line": 75, "column": null } },
        "line": 62
      },
      "2": {
        "name": "constructor",
        "decl": { "start": { "line": 64, "column": 4 }, "end": { "line": 64, "column": 18 } },
        "loc": { "start": { "line": 64, "column": 18 }, "end": { "line": 73, "column": null } },
        "line": 64
      },
      "3": {
        "name": "constructor_2",
        "decl": { "start": { "line": 89, "column": 2 }, "end": { "line": 89, "column": null } },
        "loc": { "start": { "line": 92, "column": 4 }, "end": { "line": 97, "column": null } },
        "line": 92
      },
      "4": {
        "name": "start",
        "decl": { "start": { "line": 99, "column": 17 }, "end": { "line": 99, "column": 40 } },
        "loc": { "start": { "line": 99, "column": 40 }, "end": { "line": 101, "column": null } },
        "line": 99
      },
      "5": {
        "name": "executeTask",
        "decl": { "start": { "line": 103, "column": 17 }, "end": { "line": 103, "column": 29 } },
        "loc": { "start": { "line": 103, "column": 93 }, "end": { "line": 109, "column": null } },
        "line": 103
      },
      "6": {
        "name": "destroy",
        "decl": { "start": { "line": 111, "column": 8 }, "end": { "line": 111, "column": 33 } },
        "loc": { "start": { "line": 111, "column": 33 }, "end": { "line": 113, "column": null } },
        "line": 111
      },
      "7": {
        "name": "getResult",
        "decl": { "start": { "line": 115, "column": 2 }, "end": { "line": 115, "column": 22 } },
        "loc": { "start": { "line": 115, "column": 22 }, "end": { "line": 118, "column": null } },
        "line": 115
      },
      "8": {
        "name": "getError",
        "decl": { "start": { "line": 120, "column": 2 }, "end": { "line": 120, "column": 32 } },
        "loc": { "start": { "line": 120, "column": 32 }, "end": { "line": 125, "column": null } },
        "line": 120
      },
      "9": {
        "name": "setError",
        "decl": { "start": { "line": 127, "column": 2 }, "end": { "line": 127, "column": 11 } },
        "loc": { "start": { "line": 127, "column": 31 }, "end": { "line": 130, "column": null } },
        "line": 127
      },
      "10": {
        "name": "deliverResult",
        "decl": { "start": { "line": 132, "column": 2 }, "end": { "line": 132, "column": 16 } },
        "loc": { "start": { "line": 132, "column": 75 }, "end": { "line": 132, "column": null } },
        "line": 132
      },
      "11": {
        "name": "deliverError",
        "decl": { "start": { "line": 133, "column": 2 }, "end": { "line": 133, "column": 15 } },
        "loc": { "start": { "line": 133, "column": 72 }, "end": { "line": 133, "column": null } },
        "line": 133
      },
      "12": {
        "name": "makeMockFactory",
        "decl": { "start": { "line": 140, "column": 16 }, "end": { "line": 140, "column": 48 } },
        "loc": { "start": { "line": 140, "column": 48 }, "end": { "line": 149, "column": null } },
        "line": 140
      },
      "13": {
        "name": "(anonymous_13)",
        "decl": { "start": { "line": 143, "column": 24 }, "end": { "line": 143, "column": 31 } },
        "loc": { "start": { "line": 143, "column": 60 }, "end": { "line": 147, "column": 5 } },
        "line": 143
      },
      "14": {
        "name": "makeMockPi",
        "decl": { "start": { "line": 155, "column": 16 }, "end": { "line": 155, "column": 43 } },
        "loc": { "start": { "line": 155, "column": 43 }, "end": { "line": 166, "column": null } },
        "line": 155
      },
      "15": {
        "name": "makeMockPiWithHandlers",
        "decl": { "start": { "line": 168, "column": 16 }, "end": { "line": 168, "column": 39 } },
        "loc": { "start": { "line": 168, "column": 68 }, "end": { "line": 186, "column": null } },
        "line": 168
      },
      "16": {
        "name": "(anonymous_16)",
        "decl": { "start": { "line": 173, "column": 14 }, "end": { "line": 173, "column": 15 } },
        "loc": { "start": { "line": 173, "column": 75 }, "end": { "line": 175, "column": 5 } },
        "line": 173
      },
      "17": {
        "name": "(anonymous_17)",
        "decl": { "start": { "line": 176, "column": 26 }, "end": { "line": 176, "column": 27 } },
        "loc": { "start": { "line": 176, "column": 47 }, "end": { "line": 179, "column": 5 } },
        "line": 176
      },
      "18": {
        "name": "(anonymous_18)",
        "decl": { "start": { "line": 180, "column": 26 }, "end": { "line": 180, "column": 32 } },
        "loc": { "start": { "line": 180, "column": 32 }, "end": { "line": 180, "column": 48 } },
        "line": 180
      },
      "19": {
        "name": "(anonymous_19)",
        "decl": { "start": { "line": 182, "column": 16 }, "end": { "line": 182, "column": 17 } },
        "loc": { "start": { "line": 182, "column": 35 }, "end": { "line": 182, "column": null } },
        "line": 182
      },
      "20": {
        "name": "makeMockCtx",
        "decl": { "start": { "line": 192, "column": 16 }, "end": { "line": 192, "column": 55 } },
        "loc": { "start": { "line": 192, "column": 55 }, "end": { "line": 197, "column": null } },
        "line": 192
      },
      "21": {
        "name": "constructor_3",
        "decl": { "start": { "line": 219, "column": 2 }, "end": { "line": 219, "column": null } },
        "loc": { "start": { "line": 222, "column": 4 }, "end": { "line": 224, "column": null } },
        "line": 222
      },
      "22": {
        "name": "createWorkspace",
        "decl": { "start": { "line": 226, "column": 17 }, "end": { "line": 226, "column": null } },
        "loc": { "start": { "line": 229, "column": 21 }, "end": { "line": 236, "column": null } },
        "line": 229
      },
      "23": {
        "name": "destroyWorkspace",
        "decl": { "start": { "line": 238, "column": 17 }, "end": { "line": 238, "column": 34 } },
        "loc": { "start": { "line": 238, "column": 63 }, "end": { "line": 248, "column": null } },
        "line": 238
      },
      "24": {
        "name": "constructor_4",
        "decl": { "start": { "line": 264, "column": 2 }, "end": { "line": 264, "column": 14 } },
        "loc": { "start": { "line": 264, "column": 54 }, "end": { "line": 266, "column": null } },
        "line": 264
      },
      "25": {
        "name": "load",
        "decl": { "start": { "line": 268, "column": 17 }, "end": { "line": 268, "column": 39 } },
        "loc": { "start": { "line": 268, "column": 39 }, "end": { "line": 270, "column": null } },
        "line": 268
      },
      "26": {
        "name": "register",
        "decl": { "start": { "line": 272, "column": 17 }, "end": { "line": 272, "column": 26 } },
        "loc": { "start": { "line": 272, "column": 66 }, "end": { "line": 274, "column": null } },
        "line": 272
      },
      "27": {
        "name": "remove",
        "decl": { "start": { "line": 276, "column": 17 }, "end": { "line": 276, "column": 24 } },
        "loc": { "start": { "line": 276, "column": 53 }, "end": { "line": 278, "column": null } },
        "line": 276
      },
      "28": {
        "name": "get",
        "decl": { "start": { "line": 280, "column": 2 }, "end": { "line": 280, "column": 6 } },
        "loc": { "start": { "line": 280, "column": 49 }, "end": { "line": 282, "column": null } },
        "line": 280
      },
      "29": {
        "name": "list",
        "decl": { "start": { "line": 284, "column": 2 }, "end": { "line": 284, "column": 28 } },
        "loc": { "start": { "line": 284, "column": 28 }, "end": { "line": 286, "column": null } },
        "line": 284
      },
      "30": {
        "name": "clear",
        "decl": { "start": { "line": 289, "column": 2 }, "end": { "line": 289, "column": 16 } },
        "loc": { "start": { "line": 289, "column": 16 }, "end": { "line": 291, "column": null } },
        "line": 289
      },
      "31": {
        "name": "makeMockSocketClient",
        "decl": { "start": { "line": 298, "column": 16 }, "end": { "line": 298, "column": 39 } },
        "loc": { "start": { "line": 298, "column": 39 }, "end": { "line": 300, "column": null } },
        "line": 298
      },
      "32": {
        "name": "makeMessageEvent",
        "decl": { "start": { "line": 302, "column": 16 }, "end": { "line": 302, "column": 33 } },
        "loc": { "start": { "line": 302, "column": 55 }, "end": { "line": 310, "column": null } },
        "line": 302
      },
      "33": {
        "name": "makeMockSpecManager",
        "decl": { "start": { "line": 316, "column": 16 }, "end": { "line": 316, "column": 38 } },
        "loc": { "start": { "line": 316, "column": 38 }, "end": { "line": 361, "column": null } },
        "line": 316
      },
      "34": {
        "name": "(anonymous_34)",
        "decl": { "start": { "line": 318, "column": 40 }, "end": { "line": 318, "column": 41 } },
        "loc": { "start": { "line": 318, "column": 94 }, "end": { "line": 338, "column": 5 } },
        "line": 318
      },
      "35": {
        "name": "tools",
        "decl": { "start": { "line": 323, "column": 12 }, "end": { "line": 323, "column": 20 } },
        "loc": { "start": { "line": 323, "column": 20 }, "end": { "line": 325, "column": null } },
        "line": 323
      },
      "36": {
        "name": "(anonymous_36)",
        "decl": { "start": { "line": 339, "column": 46 }, "end": { "line": 339, "column": 47 } },
        "loc": { "start": { "line": 339, "column": 84 }, "end": { "line": 359, "column": 5 } },
        "line": 339
      },
      "37": {
        "name": "tools_2",
        "decl": { "start": { "line": 344, "column": 12 }, "end": { "line": 344, "column": 20 } },
        "loc": { "start": { "line": 344, "column": 20 }, "end": { "line": 346, "column": null } },
        "line": 344
      },
      "38": {
        "name": "makeMockEventBus",
        "decl": { "start": { "line": 363, "column": 16 }, "end": { "line": 363, "column": 35 } },
        "loc": { "start": { "line": 363, "column": 35 }, "end": { "line": 403, "column": null } },
        "line": 363
      },
      "39": {
        "name": "matchesChannel",
        "decl": { "start": { "line": 366, "column": 11 }, "end": { "line": 366, "column": 26 } },
        "loc": { "start": { "line": 366, "column": 69 }, "end": { "line": 372, "column": null } },
        "line": 366
      },
      "40": {
        "name": "(anonymous_40)",
        "decl": { "start": { "line": 374, "column": 45 }, "end": { "line": 374, "column": 46 } },
        "loc": { "start": { "line": 374, "column": 81 }, "end": { "line": 382, "column": 3 } },
        "line": 374
      },
      "41": {
        "name": "(anonymous_41)",
        "decl": { "start": { "line": 384, "column": 43 }, "end": { "line": 384, "column": 44 } },
        "loc": { "start": { "line": 384, "column": 98 }, "end": { "line": 392, "column": 3 } },
        "line": 384
      },
      "42": {
        "name": "(anonymous_42)",
        "decl": { "start": { "line": 389, "column": 11 }, "end": { "line": 389, "column": 17 } },
        "loc": { "start": { "line": 389, "column": 17 }, "end": { "line": 391, "column": null } },
        "line": 389
      },
      "43": {
        "name": "(anonymous_43)",
        "decl": { "start": { "line": 394, "column": 46 }, "end": { "line": 394, "column": 52 } },
        "loc": { "start": { "line": 394, "column": 52 }, "end": { "line": 396, "column": 3 } },
        "line": 394
      }
    },
    "branchMap": {
      "0": {
        "loc": { "start": { "line": 55, "column": 2 }, "end": { "line": 61, "column": null } },
        "type": "default-arg",
        "locations": [
          { "start": { "line": 61, "column": 7 }, "end": { "line": 61, "column": null } }
        ],
        "line": 55
      },
      "1": {
        "loc": { "start": { "line": 67, "column": 14 }, "end": { "line": 67, "column": null } },
        "type": "binary-expr",
        "locations": [
          { "start": { "line": 67, "column": 14 }, "end": { "line": 67, "column": 32 } },
          { "start": { "line": 67, "column": 32 }, "end": { "line": 67, "column": null } }
        ],
        "line": 67
      },
      "2": {
        "loc": { "start": { "line": 68, "column": 22 }, "end": { "line": 68, "column": null } },
        "type": "binary-expr",
        "locations": [
          { "start": { "line": 68, "column": 22 }, "end": { "line": 68, "column": 48 } },
          { "start": { "line": 68, "column": 48 }, "end": { "line": 68, "column": null } }
        ],
        "line": 68
      },
      "3": {
        "loc": { "start": { "line": 91, "column": 4 }, "end": { "line": 91, "column": null } },
        "type": "default-arg",
        "locations": [
          { "start": { "line": 91, "column": 57 }, "end": { "line": 91, "column": null } }
        ],
        "line": 91
      },
      "4": {
        "loc": { "start": { "line": 95, "column": 18 }, "end": { "line": 95, "column": null } },
        "type": "binary-expr",
        "locations": [
          { "start": { "line": 95, "column": 18 }, "end": { "line": 95, "column": 38 } },
          { "start": { "line": 95, "column": 38 }, "end": { "line": 95, "column": null } }
        ],
        "line": 95
      },
      "5": {
        "loc": { "start": { "line": 96, "column": 46 }, "end": { "line": 96, "column": 71 } },
        "type": "binary-expr",
        "locations": [
          { "start": { "line": 96, "column": 46 }, "end": { "line": 96, "column": 64 } },
          { "start": { "line": 96, "column": 64 }, "end": { "line": 96, "column": 71 } }
        ],
        "line": 96
      },
      "6": {
        "loc": { "start": { "line": 116, "column": 4 }, "end": { "line": 116, "column": null } },
        "type": "if",
        "locations": [
          { "start": { "line": 116, "column": 4 }, "end": { "line": 116, "column": null } },
          { "start": {}, "end": {} }
        ],
        "line": 116
      },
      "7": {
        "loc": { "start": { "line": 121, "column": 4 }, "end": { "line": 123, "column": null } },
        "type": "if",
        "locations": [
          { "start": { "line": 121, "column": 4 }, "end": { "line": 123, "column": null } },
          { "start": {}, "end": {} }
        ],
        "line": 121
      },
      "8": {
        "loc": { "start": { "line": 121, "column": 8 }, "end": { "line": 121, "column": 85 } },
        "type": "binary-expr",
        "locations": [
          { "start": { "line": 121, "column": 8 }, "end": { "line": 121, "column": 46 } },
          { "start": { "line": 121, "column": 46 }, "end": { "line": 121, "column": 85 } }
        ],
        "line": 121
      },
      "9": {
        "loc": { "start": { "line": 168, "column": 39 }, "end": { "line": 168, "column": 68 } },
        "type": "default-arg",
        "locations": [
          { "start": { "line": 168, "column": 64 }, "end": { "line": 168, "column": 68 } }
        ],
        "line": 168
      },
      "10": {
        "loc": { "start": { "line": 221, "column": 20 }, "end": { "line": 221, "column": null } },
        "type": "default-arg",
        "locations": [
          { "start": { "line": 221, "column": 31 }, "end": { "line": 221, "column": null } }
        ],
        "line": 221
      },
      "11": {
        "loc": { "start": { "line": 230, "column": 4 }, "end": { "line": 232, "column": null } },
        "type": "if",
        "locations": [
          { "start": { "line": 230, "column": 4 }, "end": { "line": 232, "column": null } },
          { "start": {}, "end": {} }
        ],
        "line": 230
      },
      "12": {
        "loc": { "start": { "line": 239, "column": 4 }, "end": { "line": 241, "column": null } },
        "type": "if",
        "locations": [
          { "start": { "line": 239, "column": 4 }, "end": { "line": 241, "column": null } },
          { "start": {}, "end": {} }
        ],
        "line": 239
      },
      "13": {
        "loc": { "start": { "line": 243, "column": 6 }, "end": { "line": 246, "column": null } },
        "type": "if",
        "locations": [
          { "start": { "line": 243, "column": 6 }, "end": { "line": 246, "column": null } },
          { "start": {}, "end": {} }
        ],
        "line": 243
      },
      "14": {
        "loc": { "start": { "line": 264, "column": 14 }, "end": { "line": 264, "column": 54 } },
        "type": "default-arg",
        "locations": [
          { "start": { "line": 264, "column": 26 }, "end": { "line": 264, "column": 54 } }
        ],
        "line": 264
      },
      "15": {
        "loc": { "start": { "line": 320, "column": 12 }, "end": { "line": 320, "column": null } },
        "type": "binary-expr",
        "locations": [
          { "start": { "line": 320, "column": 12 }, "end": { "line": 320, "column": 27 } },
          { "start": { "line": 320, "column": 27 }, "end": { "line": 320, "column": 42 } },
          { "start": { "line": 320, "column": 42 }, "end": { "line": 320, "column": null } }
        ],
        "line": 320
      },
      "16": {
        "loc": { "start": { "line": 321, "column": 14 }, "end": { "line": 321, "column": null } },
        "type": "binary-expr",
        "locations": [
          { "start": { "line": 321, "column": 14 }, "end": { "line": 321, "column": 29 } },
          { "start": { "line": 321, "column": 29 }, "end": { "line": 321, "column": null } }
        ],
        "line": 321
      },
      "17": {
        "loc": { "start": { "line": 322, "column": 22 }, "end": { "line": 322, "column": null } },
        "type": "binary-expr",
        "locations": [
          { "start": { "line": 322, "column": 22 }, "end": { "line": 322, "column": 45 } },
          { "start": { "line": 322, "column": 45 }, "end": { "line": 322, "column": null } }
        ],
        "line": 322
      },
      "18": {
        "loc": { "start": { "line": 324, "column": 29 }, "end": { "line": 324, "column": 58 } },
        "type": "binary-expr",
        "locations": [
          { "start": { "line": 324, "column": 29 }, "end": { "line": 324, "column": 56 } },
          { "start": { "line": 324, "column": 56 }, "end": { "line": 324, "column": 58 } }
        ],
        "line": 324
      },
      "19": {
        "loc": { "start": { "line": 334, "column": 26 }, "end": { "line": 334, "column": null } },
        "type": "binary-expr",
        "locations": [
          { "start": { "line": 334, "column": 26 }, "end": { "line": 334, "column": 53 } },
          { "start": { "line": 334, "column": 53 }, "end": { "line": 334, "column": null } }
        ],
        "line": 334
      },
      "20": {
        "loc": { "start": { "line": 345, "column": 29 }, "end": { "line": 345, "column": 58 } },
        "type": "binary-expr",
        "locations": [
          { "start": { "line": 345, "column": 29 }, "end": { "line": 345, "column": 56 } },
          { "start": { "line": 345, "column": 56 }, "end": { "line": 345, "column": 58 } }
        ],
        "line": 345
      },
      "21": {
        "loc": { "start": { "line": 356, "column": 26 }, "end": { "line": 356, "column": null } },
        "type": "binary-expr",
        "locations": [
          { "start": { "line": 356, "column": 26 }, "end": { "line": 356, "column": 53 } },
          { "start": { "line": 356, "column": 53 }, "end": { "line": 356, "column": null } }
        ],
        "line": 356
      },
      "22": {
        "loc": { "start": { "line": 367, "column": 4 }, "end": { "line": 367, "column": null } },
        "type": "if",
        "locations": [
          { "start": { "line": 367, "column": 4 }, "end": { "line": 367, "column": null } },
          { "start": {}, "end": {} }
        ],
        "line": 367
      },
      "23": {
        "loc": { "start": { "line": 368, "column": 4 }, "end": { "line": 370, "column": null } },
        "type": "if",
        "locations": [
          { "start": { "line": 368, "column": 4 }, "end": { "line": 370, "column": null } },
          { "start": {}, "end": {} }
        ],
        "line": 368
      },
      "24": {
        "loc": { "start": { "line": 376, "column": 6 }, "end": { "line": 380, "column": null } },
        "type": "if",
        "locations": [
          { "start": { "line": 376, "column": 6 }, "end": { "line": 380, "column": null } },
          { "start": {}, "end": {} }
        ],
        "line": 376
      },
      "25": {
        "loc": { "start": { "line": 385, "column": 4 }, "end": { "line": 387, "column": null } },
        "type": "if",
        "locations": [
          { "start": { "line": 385, "column": 4 }, "end": { "line": 387, "column": null } },
          { "start": {}, "end": {} }
        ],
        "line": 385
      }
    },
    "s": {
      "0": 0,
      "1": 0,
      "2": 0,
      "3": 0,
      "4": 0,
      "5": 0,
      "6": 0,
      "7": 0,
      "8": 0,
      "9": 0,
      "10": 0,
      "11": 0,
      "12": 0,
      "13": 0,
      "14": 0,
      "15": 0,
      "16": 0,
      "17": 0,
      "18": 0,
      "19": 0,
      "20": 0,
      "21": 0,
      "22": 0,
      "23": 0,
      "24": 0,
      "25": 0,
      "26": 0,
      "27": 0,
      "28": 0,
      "29": 0,
      "30": 0,
      "31": 0,
      "32": 0,
      "33": 0,
      "34": 0,
      "35": 0,
      "36": 0,
      "37": 0,
      "38": 0,
      "39": 0,
      "40": 0,
      "41": 0,
      "42": 0,
      "43": 0,
      "44": 0,
      "45": 0,
      "46": 0,
      "47": 0,
      "48": 0,
      "49": 0,
      "50": 0,
      "51": 0,
      "52": 0,
      "53": 0,
      "54": 0,
      "55": 0,
      "56": 0,
      "57": 0,
      "58": 0,
      "59": 0,
      "60": 0,
      "61": 0,
      "62": 0,
      "63": 0,
      "64": 0,
      "65": 0,
      "66": 0,
      "67": 0,
      "68": 0,
      "69": 0,
      "70": 0,
      "71": 0,
      "72": 0,
      "73": 0,
      "74": 11,
      "75": 33,
      "76": 11,
      "77": 22,
      "78": 0,
      "79": 22,
      "80": 11,
      "81": 11,
      "82": 33,
      "83": 11,
      "84": 10,
      "85": 11,
      "86": 33,
      "87": 33,
      "88": 33,
      "89": 33,
      "90": 30,
      "91": 11,
      "92": 0,
      "93": 11
    },
    "f": {
      "0": 0,
      "1": 0,
      "2": 0,
      "3": 0,
      "4": 0,
      "5": 0,
      "6": 0,
      "7": 0,
      "8": 0,
      "9": 0,
      "10": 0,
      "11": 0,
      "12": 0,
      "13": 0,
      "14": 0,
      "15": 0,
      "16": 0,
      "17": 0,
      "18": 0,
      "19": 0,
      "20": 0,
      "21": 0,
      "22": 0,
      "23": 0,
      "24": 0,
      "25": 0,
      "26": 0,
      "27": 0,
      "28": 0,
      "29": 0,
      "30": 0,
      "31": 0,
      "32": 0,
      "33": 0,
      "34": 0,
      "35": 0,
      "36": 0,
      "37": 0,
      "38": 11,
      "39": 33,
      "40": 11,
      "41": 33,
      "42": 30,
      "43": 0
    },
    "b": {
      "0": [0],
      "1": [0, 0],
      "2": [0, 0],
      "3": [0],
      "4": [0, 0],
      "5": [0, 0],
      "6": [0, 0],
      "7": [0, 0],
      "8": [0, 0],
      "9": [0],
      "10": [0],
      "11": [0, 0],
      "12": [0, 0],
      "13": [0, 0],
      "14": [0],
      "15": [0, 0, 0],
      "16": [0, 0],
      "17": [0, 0],
      "18": [0, 0],
      "19": [0, 0],
      "20": [0, 0],
      "21": [0, 0],
      "22": [11, 22],
      "23": [0, 22],
      "24": [11, 22],
      "25": [33, 0]
    },
    "meta": {
      "lastBranch": 26,
      "lastFunction": 44,
      "lastStatement": 94,
      "seen": {
        "f:41:16:41:Infinity": 0,
        "s:44:58:44:Infinity": 0,
        "s:45:2:45:Infinity": 1,
        "s:45:28:45:Infinity": 2,
        "s:46:2:46:Infinity": 3,
        "f:53:16:53:Infinity": 1,
        "b:61:7:61:Infinity": 0,
        "s:63:2:74:Infinity": 4,
        "f:64:4:64:18": 2,
        "s:65:6:72:Infinity": 5,
        "b:67:14:67:32:67:32:67:Infinity": 1,
        "b:68:22:68:48:68:48:68:Infinity": 2,
        "s:83:31:83:Infinity": 6,
        "s:84:30:84:Infinity": 7,
        "s:86:20:86:Infinity": 8,
        "f:89:2:89:Infinity": 3,
        "b:91:57:91:Infinity": 3,
        "s:93:4:93:Infinity": 9,
        "s:90:20:90:Infinity": 10,
        "s:94:4:94:Infinity": 11,
        "s:95:4:95:Infinity": 12,
        "b:95:18:95:38:95:38:95:Infinity": 4,
        "s:96:4:96:Infinity": 13,
        "b:96:46:96:64:96:64:96:71": 5,
        "f:99:17:99:40": 4,
        "s:100:4:100:Infinity": 14,
        "f:103:17:103:29": 5,
        "s:104:4:104:Infinity": 15,
        "s:105:4:105:Infinity": 16,
        "s:106:4:106:Infinity": 17,
        "s:107:4:107:Infinity": 18,
        "s:108:4:108:Infinity": 19,
        "f:111:8:111:33": 6,
        "s:112:4:112:Infinity": 20,
        "f:115:2:115:22": 7,
        "b:116:4:116:Infinity:undefined:undefined:undefined:undefined": 6,
        "s:116:4:116:Infinity": 21,
        "s:116:47:116:Infinity": 22,
        "s:117:4:117:Infinity": 23,
        "f:120:2:120:32": 8,
        "b:121:4:123:Infinity:undefined:undefined:undefined:undefined": 7,
        "s:121:4:123:Infinity": 24,
        "b:121:8:121:46:121:46:121:85": 8,
        "s:122:6:122:Infinity": 25,
        "s:124:4:124:Infinity": 26,
        "f:127:2:127:11": 9,
        "s:128:4:128:Infinity": 27,
        "s:129:4:129:Infinity": 28,
        "f:132:2:132:16": 10,
        "f:133:2:133:15": 11,
        "f:140:16:140:48": 12,
        "s:141:45:147:Infinity": 29,
        "f:143:24:143:31": 13,
        "s:144:20:144:Infinity": 30,
        "s:145:6:145:Infinity": 31,
        "s:146:6:146:Infinity": 32,
        "s:148:2:148:Infinity": 33,
        "f:155:16:155:43": 14,
        "s:156:2:165:Infinity": 34,
        "f:168:16:168:39": 15,
        "b:168:64:168:68": 9,
        "s:169:19:169:Infinity": 35,
        "s:170:32:170:Infinity": 36,
        "s:172:2:183:Infinity": 37,
        "f:173:14:173:15": 16,
        "s:174:6:174:Infinity": 38,
        "f:176:26:176:27": 17,
        "s:177:6:177:Infinity": 39,
        "s:178:6:178:Infinity": 40,
        "f:180:26:180:32": 18,
        "s:180:32:180:48": 41,
        "f:182:16:182:17": 19,
        "s:182:35:182:Infinity": 42,
        "f:192:16:192:55": 20,
        "s:193:2:196:Infinity": 43,
        "s:211:31:211:Infinity": 44,
        "s:213:30:213:Infinity": 45,
        "s:215:33:215:Infinity": 46,
        "s:217:26:217:Infinity": 47,
        "f:219:2:219:Infinity": 21,
        "b:221:31:221:Infinity": 10,
        "s:223:4:223:Infinity": 48,
        "s:221:20:221:31": 49,
        "f:226:17:226:Infinity": 22,
        "b:230:4:232:Infinity:undefined:undefined:undefined:undefined": 11,
        "s:230:4:232:Infinity": 50,
        "s:231:6:231:Infinity": 51,
        "s:233:17:233:Infinity": 52,
        "s:234:4:234:Infinity": 53,
        "s:235:4:235:Infinity": 54,
        "f:238:17:238:34": 23,
        "b:239:4:241:Infinity:undefined:undefined:undefined:undefined": 12,
        "s:239:4:241:Infinity": 55,
        "s:240:6:240:Infinity": 56,
        "s:242:4:247:Infinity": 57,
        "b:243:6:246:Infinity:undefined:undefined:undefined:undefined": 13,
        "s:243:6:246:Infinity": 58,
        "s:244:8:244:Infinity": 59,
        "s:245:8:245:Infinity": 60,
        "f:264:2:264:14": 24,
        "b:264:26:264:54": 14,
        "s:265:4:265:Infinity": 61,
        "f:268:17:268:39": 25,
        "f:272:17:272:26": 26,
        "s:273:4:273:Infinity": 62,
        "f:276:17:276:24": 27,
        "s:277:4:277:Infinity": 63,
        "f:280:2:280:6": 28,
        "s:281:4:281:Infinity": 64,
        "f:284:2:284:28": 29,
        "s:285:4:285:Infinity": 65,
        "f:289:2:289:16": 30,
        "s:290:4:290:Infinity": 66,
        "f:298:16:298:39": 31,
        "s:299:2:299:Infinity": 67,
        "f:302:16:302:33": 32,
        "s:303:2:309:Infinity": 68,
        "f:316:16:316:38": 33,
        "s:317:2:360:Infinity": 69,
        "f:318:40:318:41": 34,
        "s:319:6:337:Infinity": 70,
        "b:320:12:320:27:320:27:320:42:320:42:320:Infinity": 15,
        "b:321:14:321:29:321:29:321:Infinity": 16,
        "b:322:22:322:45:322:45:322:Infinity": 17,
        "f:323:12:323:20": 35,
        "s:324:10:324:Infinity": 71,
        "b:324:29:324:56:324:56:324:58": 18,
        "b:334:26:334:53:334:53:334:Infinity": 19,
        "f:339:46:339:47": 36,
        "s:340:6:358:Infinity": 72,
        "f:344:12:344:20": 37,
        "s:345:10:345:Infinity": 73,
        "b:345:29:345:56:345:56:345:58": 20,
        "b:356:26:356:53:356:53:356:Infinity": 21,
        "f:363:16:363:35": 38,
        "s:364:19:364:Infinity": 74,
        "f:366:11:366:26": 39,
        "b:367:4:367:Infinity:undefined:undefined:undefined:undefined": 22,
        "s:367:4:367:Infinity": 75,
        "s:367:29:367:Infinity": 76,
        "b:368:4:370:Infinity:undefined:undefined:undefined:undefined": 23,
        "s:368:4:370:Infinity": 77,
        "s:369:6:369:Infinity": 78,
        "s:371:4:371:Infinity": 79,
        "s:374:18:382:Infinity": 80,
        "f:374:45:374:46": 40,
        "s:375:4:381:Infinity": 81,
        "b:376:6:380:Infinity:undefined:undefined:undefined:undefined": 24,
        "s:376:6:380:Infinity": 82,
        "s:377:8:379:Infinity": 83,
        "s:378:10:378:Infinity": 84,
        "s:384:16:392:Infinity": 85,
        "f:384:43:384:44": 41,
        "b:385:4:387:Infinity:undefined:undefined:undefined:undefined": 25,
        "s:385:4:387:Infinity": 86,
        "s:386:6:386:Infinity": 87,
        "s:388:4:388:Infinity": 88,
        "s:389:4:391:Infinity": 89,
        "f:389:11:389:17": 42,
        "s:390:6:390:Infinity": 90,
        "s:394:19:396:Infinity": 91,
        "f:394:46:394:52": 43,
        "s:395:4:395:Infinity": 92,
        "s:398:2:402:Infinity": 93
      },
      "fnNames": {}
    }
  },
  "/home/michal/Projects/feature-forge/.forge/worktrees/ws-91b6fdfa/packages/cli/src/agents/agents/Agent.ts": {
    "path": "/home/michal/Projects/feature-forge/.forge/worktrees/ws-91b6fdfa/packages/cli/src/agents/agents/Agent.ts",
    "statementMap": {
      "0": { "start": { "line": 28, "column": 36 }, "end": { "line": 28, "column": null } }
    },
    "fnMap": {},
    "branchMap": {},
    "s": { "0": 0 },
    "f": {},
    "b": {},
    "meta": {
      "lastBranch": 0,
      "lastFunction": 0,
      "lastStatement": 1,
      "seen": { "s:28:36:28:Infinity": 0 },
      "fnNames": {}
    }
  },
  "/home/michal/Projects/feature-forge/.forge/worktrees/ws-91b6fdfa/packages/cli/src/agents/agents/SubprocessAgent.ts": {
    "path": "/home/michal/Projects/feature-forge/.forge/worktrees/ws-91b6fdfa/packages/cli/src/agents/agents/SubprocessAgent.ts",
    "statementMap": {},
    "fnMap": {},
    "branchMap": {},
    "s": {},
    "f": {},
    "b": {},
    "meta": { "lastBranch": 0, "lastFunction": 0, "lastStatement": 0, "seen": {}, "fnNames": {} }
  },
  "/home/michal/Projects/feature-forge/.forge/worktrees/ws-91b6fdfa/packages/cli/src/agents/specifications/AgentSpecification.ts": {
    "path": "/home/michal/Projects/feature-forge/.forge/worktrees/ws-91b6fdfa/packages/cli/src/agents/specifications/AgentSpecification.ts",
    "statementMap": {
      "0": { "start": { "line": 31, "column": 2 }, "end": { "line": 31, "column": null } },
      "1": { "start": { "line": 46, "column": 53 }, "end": { "line": 46, "column": null } },
      "2": { "start": { "line": 66, "column": 72 }, "end": { "line": 66, "column": null } },
      "3": { "start": { "line": 72, "column": 49 }, "end": { "line": 72, "column": null } },
      "4": { "start": { "line": 74, "column": 47 }, "end": { "line": 74, "column": null } },
      "5": { "start": { "line": 76, "column": 43 }, "end": { "line": 76, "column": null } },
      "6": { "start": { "line": 78, "column": 52 }, "end": { "line": 78, "column": null } },
      "7": { "start": { "line": 80, "column": 49 }, "end": { "line": 80, "column": null } },
      "8": { "start": { "line": 82, "column": 39 }, "end": { "line": 82, "column": null } },
      "9": { "start": { "line": 93, "column": 4 }, "end": { "line": 93, "column": null } },
      "10": { "start": { "line": 97, "column": 4 }, "end": { "line": 99, "column": null } },
      "11": { "start": { "line": 98, "column": 6 }, "end": { "line": 98, "column": null } },
      "12": { "start": { "line": 100, "column": 4 }, "end": { "line": 100, "column": null } },
      "13": { "start": { "line": 101, "column": 4 }, "end": { "line": 101, "column": null } },
      "14": { "start": { "line": 102, "column": 4 }, "end": { "line": 102, "column": null } },
      "15": { "start": { "line": 103, "column": 4 }, "end": { "line": 103, "column": null } },
      "16": { "start": { "line": 104, "column": 4 }, "end": { "line": 104, "column": null } },
      "17": { "start": { "line": 105, "column": 4 }, "end": { "line": 105, "column": null } },
      "18": { "start": { "line": 106, "column": 4 }, "end": { "line": 106, "column": null } },
      "19": { "start": { "line": 107, "column": 4 }, "end": { "line": 107, "column": null } },
      "20": { "start": { "line": 108, "column": 4 }, "end": { "line": 108, "column": null } },
      "21": { "start": { "line": 109, "column": 4 }, "end": { "line": 109, "column": null } },
      "22": { "start": { "line": 110, "column": 4 }, "end": { "line": 110, "column": null } },
      "23": { "start": { "line": 111, "column": 4 }, "end": { "line": 111, "column": null } },
      "24": { "start": { "line": 112, "column": 4 }, "end": { "line": 112, "column": null } },
      "25": { "start": { "line": 113, "column": 4 }, "end": { "line": 113, "column": null } }
    },
    "fnMap": {
      "0": {
        "name": "buildToolRestrictions",
        "decl": { "start": { "line": 28, "column": 16 }, "end": { "line": 28, "column": null } },
        "loc": { "start": { "line": 30, "column": 37 }, "end": { "line": 32, "column": null } },
        "line": 30
      },
      "1": {
        "name": "tools",
        "decl": { "start": { "line": 92, "column": 13 }, "end": { "line": 92, "column": 40 } },
        "loc": { "start": { "line": 92, "column": 40 }, "end": { "line": 94, "column": null } },
        "line": 92
      },
      "2": {
        "name": "constructor",
        "decl": { "start": { "line": 96, "column": 2 }, "end": { "line": 96, "column": 14 } },
        "loc": { "start": { "line": 96, "column": 48 }, "end": { "line": 114, "column": null } },
        "line": 96
      }
    },
    "branchMap": {
      "0": {
        "loc": { "start": { "line": 97, "column": 4 }, "end": { "line": 99, "column": null } },
        "type": "if",
        "locations": [
          { "start": { "line": 97, "column": 4 }, "end": { "line": 99, "column": null } },
          { "start": {}, "end": {} }
        ],
        "line": 97
      },
      "1": {
        "loc": { "start": { "line": 97, "column": 8 }, "end": { "line": 97, "column": 53 } },
        "type": "binary-expr",
        "locations": [
          { "start": { "line": 97, "column": 8 }, "end": { "line": 97, "column": 22 } },
          { "start": { "line": 97, "column": 22 }, "end": { "line": 97, "column": 53 } }
        ],
        "line": 97
      },
      "2": {
        "loc": { "start": { "line": 103, "column": 25 }, "end": { "line": 103, "column": null } },
        "type": "binary-expr",
        "locations": [
          { "start": { "line": 103, "column": 25 }, "end": { "line": 103, "column": 49 } },
          { "start": { "line": 103, "column": 49 }, "end": { "line": 103, "column": null } }
        ],
        "line": 103
      },
      "3": {
        "loc": { "start": { "line": 107, "column": 31 }, "end": { "line": 107, "column": null } },
        "type": "binary-expr",
        "locations": [
          { "start": { "line": 107, "column": 31 }, "end": { "line": 107, "column": 61 } },
          { "start": { "line": 107, "column": 61 }, "end": { "line": 107, "column": null } }
        ],
        "line": 107
      },
      "4": {
        "loc": { "start": { "line": 108, "column": 29 }, "end": { "line": 108, "column": null } },
        "type": "binary-expr",
        "locations": [
          { "start": { "line": 108, "column": 29 }, "end": { "line": 108, "column": 57 } },
          { "start": { "line": 108, "column": 57 }, "end": { "line": 108, "column": null } }
        ],
        "line": 108
      },
      "5": {
        "loc": { "start": { "line": 109, "column": 25 }, "end": { "line": 109, "column": null } },
        "type": "binary-expr",
        "locations": [
          { "start": { "line": 109, "column": 25 }, "end": { "line": 109, "column": 49 } },
          { "start": { "line": 109, "column": 49 }, "end": { "line": 109, "column": null } }
        ],
        "line": 109
      },
      "6": {
        "loc": { "start": { "line": 110, "column": 34 }, "end": { "line": 110, "column": null } },
        "type": "binary-expr",
        "locations": [
          { "start": { "line": 110, "column": 34 }, "end": { "line": 110, "column": 67 } },
          { "start": { "line": 110, "column": 67 }, "end": { "line": 110, "column": null } }
        ],
        "line": 110
      },
      "7": {
        "loc": { "start": { "line": 111, "column": 31 }, "end": { "line": 111, "column": null } },
        "type": "binary-expr",
        "locations": [
          { "start": { "line": 111, "column": 31 }, "end": { "line": 111, "column": 61 } },
          { "start": { "line": 111, "column": 61 }, "end": { "line": 111, "column": null } }
        ],
        "line": 111
      },
      "8": {
        "loc": { "start": { "line": 112, "column": 21 }, "end": { "line": 112, "column": null } },
        "type": "binary-expr",
        "locations": [
          { "start": { "line": 112, "column": 21 }, "end": { "line": 112, "column": 41 } },
          { "start": { "line": 112, "column": 41 }, "end": { "line": 112, "column": null } }
        ],
        "line": 112
      }
    },
    "s": {
      "0": 0,
      "1": 0,
      "2": 0,
      "3": 0,
      "4": 0,
      "5": 0,
      "6": 0,
      "7": 0,
      "8": 0,
      "9": 0,
      "10": 0,
      "11": 0,
      "12": 0,
      "13": 0,
      "14": 0,
      "15": 0,
      "16": 0,
      "17": 0,
      "18": 0,
      "19": 0,
      "20": 0,
      "21": 0,
      "22": 0,
      "23": 0,
      "24": 0,
      "25": 0
    },
    "f": { "0": 0, "1": 0, "2": 0 },
    "b": {
      "0": [0, 0],
      "1": [0, 0],
      "2": [0, 0],
      "3": [0, 0],
      "4": [0, 0],
      "5": [0, 0],
      "6": [0, 0],
      "7": [0, 0],
      "8": [0, 0]
    },
    "meta": {
      "lastBranch": 9,
      "lastFunction": 3,
      "lastStatement": 26,
      "seen": {
        "f:28:16:28:Infinity": 0,
        "s:31:2:31:Infinity": 0,
        "s:46:53:46:Infinity": 1,
        "s:66:72:66:Infinity": 2,
        "s:72:49:72:Infinity": 3,
        "s:74:47:74:Infinity": 4,
        "s:76:43:76:Infinity": 5,
        "s:78:52:78:Infinity": 6,
        "s:80:49:80:Infinity": 7,
        "s:82:39:82:Infinity": 8,
        "f:92:13:92:40": 1,
        "s:93:4:93:Infinity": 9,
        "f:96:2:96:14": 2,
        "b:97:4:99:Infinity:undefined:undefined:undefined:undefined": 0,
        "s:97:4:99:Infinity": 10,
        "b:97:8:97:22:97:22:97:53": 1,
        "s:98:6:98:Infinity": 11,
        "s:100:4:100:Infinity": 12,
        "s:101:4:101:Infinity": 13,
        "s:102:4:102:Infinity": 14,
        "s:103:4:103:Infinity": 15,
        "b:103:25:103:49:103:49:103:Infinity": 2,
        "s:104:4:104:Infinity": 16,
        "s:105:4:105:Infinity": 17,
        "s:106:4:106:Infinity": 18,
        "s:107:4:107:Infinity": 19,
        "b:107:31:107:61:107:61:107:Infinity": 3,
        "s:108:4:108:Infinity": 20,
        "b:108:29:108:57:108:57:108:Infinity": 4,
        "s:109:4:109:Infinity": 21,
        "b:109:25:109:49:109:49:109:Infinity": 5,
        "s:110:4:110:Infinity": 22,
        "b:110:34:110:67:110:67:110:Infinity": 6,
        "s:111:4:111:Infinity": 23,
        "b:111:31:111:61:111:61:111:Infinity": 7,
        "s:112:4:112:Infinity": 24,
        "b:112:21:112:41:112:41:112:Infinity": 8,
        "s:113:4:113:Infinity": 25
      },
      "fnNames": {}
    }
  },
  "/home/michal/Projects/feature-forge/.forge/worktrees/ws-91b6fdfa/packages/cli/src/logging/ConsoleLogger.ts": {
    "path": "/home/michal/Projects/feature-forge/.forge/worktrees/ws-91b6fdfa/packages/cli/src/logging/ConsoleLogger.ts",
    "statementMap": {
      "0": { "start": { "line": 11, "column": 4 }, "end": { "line": 11, "column": null } },
      "1": { "start": { "line": 12, "column": 4 }, "end": { "line": 12, "column": null } },
      "2": { "start": { "line": 16, "column": 4 }, "end": { "line": 16, "column": null } },
      "3": { "start": { "line": 20, "column": 4 }, "end": { "line": 20, "column": null } },
      "4": { "start": { "line": 24, "column": 4 }, "end": { "line": 24, "column": null } },
      "5": { "start": { "line": 28, "column": 4 }, "end": { "line": 28, "column": null } }
    },
    "fnMap": {
      "0": {
        "name": "initialize",
        "decl": { "start": { "line": 10, "column": 9 }, "end": { "line": 10, "column": 37 } },
        "loc": { "start": { "line": 10, "column": 37 }, "end": { "line": 13, "column": null } },
        "line": 10
      },
      "1": {
        "name": "error",
        "decl": { "start": { "line": 15, "column": 11 }, "end": { "line": 15, "column": 17 } },
        "loc": { "start": { "line": 15, "column": 72 }, "end": { "line": 17, "column": null } },
        "line": 15
      },
      "2": {
        "name": "warn",
        "decl": { "start": { "line": 19, "column": 11 }, "end": { "line": 19, "column": 16 } },
        "loc": { "start": { "line": 19, "column": 71 }, "end": { "line": 21, "column": null } },
        "line": 19
      },
      "3": {
        "name": "info",
        "decl": { "start": { "line": 23, "column": 11 }, "end": { "line": 23, "column": 16 } },
        "loc": { "start": { "line": 23, "column": 71 }, "end": { "line": 25, "column": null } },
        "line": 23
      },
      "4": {
        "name": "debug",
        "decl": { "start": { "line": 27, "column": 11 }, "end": { "line": 27, "column": 17 } },
        "loc": { "start": { "line": 27, "column": 72 }, "end": { "line": 29, "column": null } },
        "line": 27
      }
    },
    "branchMap": {},
    "s": { "0": 0, "1": 0, "2": 0, "3": 0, "4": 0, "5": 0 },
    "f": { "0": 1, "1": 0, "2": 0, "3": 0, "4": 0 },
    "b": {},
    "meta": {
      "lastBranch": 0,
      "lastFunction": 5,
      "lastStatement": 6,
      "seen": {
        "f:10:9:10:37": 0,
        "s:11:4:11:Infinity": 0,
        "s:12:4:12:Infinity": 1,
        "f:15:11:15:17": 1,
        "s:16:4:16:Infinity": 2,
        "f:19:11:19:16": 2,
        "s:20:4:20:Infinity": 3,
        "f:23:11:23:16": 3,
        "s:24:4:24:Infinity": 4,
        "f:27:11:27:17": 4,
        "s:28:4:28:Infinity": 5
      },
      "fnNames": {}
    }
  },
  "/home/michal/Projects/feature-forge/.forge/worktrees/ws-91b6fdfa/packages/cli/src/logging/FileLogger.ts": {
    "path": "/home/michal/Projects/feature-forge/.forge/worktrees/ws-91b6fdfa/packages/cli/src/logging/FileLogger.ts",
    "statementMap": {
      "0": { "start": { "line": 27, "column": 40 }, "end": { "line": 27, "column": null } },
      "1": { "start": { "line": 33, "column": 4 }, "end": { "line": 33, "column": null } },
      "2": { "start": { "line": 35, "column": 4 }, "end": { "line": 35, "column": null } },
      "3": { "start": { "line": 36, "column": 4 }, "end": { "line": 39, "column": null } },
      "4": { "start": { "line": 37, "column": 18 }, "end": { "line": 37, "column": null } },
      "5": { "start": { "line": 38, "column": 6 }, "end": { "line": 38, "column": null } },
      "6": { "start": { "line": 43, "column": 4 }, "end": { "line": 43, "column": null } },
      "7": { "start": { "line": 44, "column": 4 }, "end": { "line": 44, "column": null } },
      "8": { "start": { "line": 48, "column": 19 }, "end": { "line": 48, "column": null } },
      "9": { "start": { "line": 49, "column": 4 }, "end": { "line": 49, "column": null } },
      "10": { "start": { "line": 54, "column": 4 }, "end": { "line": 56, "column": null } },
      "11": { "start": { "line": 55, "column": 6 }, "end": { "line": 55, "column": null } },
      "12": { "start": { "line": 57, "column": 4 }, "end": { "line": 57, "column": null } },
      "13": { "start": { "line": 61, "column": 4 }, "end": { "line": 61, "column": null } },
      "14": { "start": { "line": 65, "column": 4 }, "end": { "line": 65, "column": null } },
      "15": { "start": { "line": 69, "column": 4 }, "end": { "line": 69, "column": null } },
      "16": { "start": { "line": 73, "column": 4 }, "end": { "line": 73, "column": null } },
      "17": { "start": { "line": 84, "column": 4 }, "end": { "line": 86, "column": null } },
      "18": { "start": { "line": 85, "column": 6 }, "end": { "line": 85, "column": null } },
      "19": { "start": { "line": 87, "column": 4 }, "end": { "line": 89, "column": null } },
      "20": { "start": { "line": 88, "column": 6 }, "end": { "line": 88, "column": null } },
      "21": { "start": { "line": 88, "column": 30 }, "end": { "line": 88, "column": 39 } },
      "22": { "start": { "line": 93, "column": 4 }, "end": { "line": 95, "column": null } },
      "23": { "start": { "line": 94, "column": 6 }, "end": { "line": 94, "column": null } },
      "24": { "start": { "line": 97, "column": 4 }, "end": { "line": 99, "column": null } },
      "25": { "start": { "line": 98, "column": 6 }, "end": { "line": 98, "column": null } },
      "26": { "start": { "line": 101, "column": 28 }, "end": { "line": 105, "column": null } },
      "27": { "start": { "line": 106, "column": 4 }, "end": { "line": 108, "column": null } },
      "28": { "start": { "line": 107, "column": 6 }, "end": { "line": 107, "column": null } },
      "29": { "start": { "line": 110, "column": 4 }, "end": { "line": 115, "column": null } },
      "30": { "start": { "line": 111, "column": 6 }, "end": { "line": 111, "column": null } }
    },
    "fnMap": {
      "0": {
        "name": "constructor",
        "decl": { "start": { "line": 32, "column": 10 }, "end": { "line": 32, "column": 22 } },
        "loc": { "start": { "line": 32, "column": 41 }, "end": { "line": 40, "column": null } },
        "line": 32
      },
      "1": {
        "name": "initialize",
        "decl": { "start": { "line": 42, "column": 9 }, "end": { "line": 42, "column": 20 } },
        "loc": { "start": { "line": 42, "column": 51 }, "end": { "line": 45, "column": null } },
        "line": 42
      },
      "2": {
        "name": "getDefaultLogFilePath",
        "decl": { "start": { "line": 47, "column": 9 }, "end": { "line": 47, "column": 41 } },
        "loc": { "start": { "line": 47, "column": 41 }, "end": { "line": 50, "column": null } },
        "line": 47
      },
      "3": {
        "name": "stream",
        "decl": { "start": { "line": 53, "column": 14 }, "end": { "line": 53, "column": 36 } },
        "loc": { "start": { "line": 53, "column": 36 }, "end": { "line": 58, "column": null } },
        "line": 53
      },
      "4": {
        "name": "error",
        "decl": { "start": { "line": 60, "column": 11 }, "end": { "line": 60, "column": 17 } },
        "loc": { "start": { "line": 60, "column": 72 }, "end": { "line": 62, "column": null } },
        "line": 60
      },
      "5": {
        "name": "warn",
        "decl": { "start": { "line": 64, "column": 11 }, "end": { "line": 64, "column": 16 } },
        "loc": { "start": { "line": 64, "column": 71 }, "end": { "line": 66, "column": null } },
        "line": 64
      },
      "6": {
        "name": "info",
        "decl": { "start": { "line": 68, "column": 11 }, "end": { "line": 68, "column": 16 } },
        "loc": { "start": { "line": 68, "column": 71 }, "end": { "line": 70, "column": null } },
        "line": 68
      },
      "7": {
        "name": "debug",
        "decl": { "start": { "line": 72, "column": 11 }, "end": { "line": 72, "column": 17 } },
        "loc": { "start": { "line": 72, "column": 72 }, "end": { "line": 74, "column": null } },
        "line": 72
      },
      "8": {
        "name": "close",
        "decl": { "start": { "line": 83, "column": 8 }, "end": { "line": 83, "column": 31 } },
        "loc": { "start": { "line": 83, "column": 31 }, "end": { "line": 90, "column": null } },
        "line": 83
      },
      "9": {
        "name": "(anonymous_9)",
        "decl": { "start": { "line": 87, "column": 29 }, "end": { "line": 87, "column": 30 } },
        "loc": { "start": { "line": 87, "column": 42 }, "end": { "line": 89, "column": 5 } },
        "line": 87
      },
      "10": {
        "name": "(anonymous_10)",
        "decl": { "start": { "line": 88, "column": 24 }, "end": { "line": 88, "column": 30 } },
        "loc": { "start": { "line": 88, "column": 30 }, "end": { "line": 88, "column": 39 } },
        "line": 88
      },
      "11": {
        "name": "writeEntry",
        "decl": { "start": { "line": 92, "column": 10 }, "end": { "line": 92, "column": 21 } },
        "loc": { "start": { "line": 92, "column": 93 }, "end": { "line": 116, "column": null } },
        "line": 92
      }
    },
    "branchMap": {
      "0": {
        "loc": { "start": { "line": 35, "column": 20 }, "end": { "line": 35, "column": null } },
        "type": "binary-expr",
        "locations": [
          { "start": { "line": 35, "column": 20 }, "end": { "line": 35, "column": 32 } },
          { "start": { "line": 35, "column": 32 }, "end": { "line": 35, "column": null } }
        ],
        "line": 35
      },
      "1": {
        "loc": { "start": { "line": 36, "column": 4 }, "end": { "line": 39, "column": null } },
        "type": "if",
        "locations": [
          { "start": { "line": 36, "column": 4 }, "end": { "line": 39, "column": null } },
          { "start": {}, "end": {} }
        ],
        "line": 36
      },
      "2": {
        "loc": { "start": { "line": 48, "column": 19 }, "end": { "line": 48, "column": null } },
        "type": "binary-expr",
        "locations": [
          { "start": { "line": 48, "column": 19 }, "end": { "line": 48, "column": 56 } },
          { "start": { "line": 48, "column": 56 }, "end": { "line": 48, "column": null } }
        ],
        "line": 48
      },
      "3": {
        "loc": { "start": { "line": 54, "column": 4 }, "end": { "line": 56, "column": null } },
        "type": "if",
        "locations": [
          { "start": { "line": 54, "column": 4 }, "end": { "line": 56, "column": null } },
          { "start": {}, "end": {} }
        ],
        "line": 54
      },
      "4": {
        "loc": { "start": { "line": 84, "column": 4 }, "end": { "line": 86, "column": null } },
        "type": "if",
        "locations": [
          { "start": { "line": 84, "column": 4 }, "end": { "line": 86, "column": null } },
          { "start": {}, "end": {} }
        ],
        "line": 84
      },
      "5": {
        "loc": { "start": { "line": 84, "column": 8 }, "end": { "line": 84, "column": 49 } },
        "type": "binary-expr",
        "locations": [
          { "start": { "line": 84, "column": 8 }, "end": { "line": 84, "column": 25 } },
          { "start": { "line": 84, "column": 25 }, "end": { "line": 84, "column": 49 } }
        ],
        "line": 84
      },
      "6": {
        "loc": { "start": { "line": 93, "column": 4 }, "end": { "line": 95, "column": null } },
        "type": "if",
        "locations": [
          { "start": { "line": 93, "column": 4 }, "end": { "line": 95, "column": null } },
          { "start": {}, "end": {} }
        ],
        "line": 93
      },
      "7": {
        "loc": { "start": { "line": 97, "column": 4 }, "end": { "line": 99, "column": null } },
        "type": "if",
        "locations": [
          { "start": { "line": 97, "column": 4 }, "end": { "line": 99, "column": null } },
          { "start": {}, "end": {} }
        ],
        "line": 97
      },
      "8": {
        "loc": { "start": { "line": 106, "column": 4 }, "end": { "line": 108, "column": null } },
        "type": "if",
        "locations": [
          { "start": { "line": 106, "column": 4 }, "end": { "line": 108, "column": null } },
          { "start": {}, "end": {} }
        ],
        "line": 106
      }
    },
    "s": {
      "0": 0,
      "1": 0,
      "2": 0,
      "3": 0,
      "4": 0,
      "5": 0,
      "6": 0,
      "7": 0,
      "8": 0,
      "9": 0,
      "10": 0,
      "11": 0,
      "12": 0,
      "13": 0,
      "14": 0,
      "15": 0,
      "16": 0,
      "17": 0,
      "18": 0,
      "19": 0,
      "20": 0,
      "21": 0,
      "22": 0,
      "23": 0,
      "24": 0,
      "25": 0,
      "26": 0,
      "27": 0,
      "28": 0,
      "29": 0,
      "30": 0
    },
    "f": {
      "0": 0,
      "1": 1,
      "2": 1,
      "3": 0,
      "4": 0,
      "5": 0,
      "6": 0,
      "7": 0,
      "8": 0,
      "9": 0,
      "10": 0,
      "11": 0
    },
    "b": {
      "0": [0, 0],
      "1": [0, 0],
      "2": [0, 0],
      "3": [0, 0],
      "4": [0, 0],
      "5": [0, 0],
      "6": [0, 0],
      "7": [0, 0],
      "8": [0, 0]
    },
    "meta": {
      "lastBranch": 9,
      "lastFunction": 12,
      "lastStatement": 31,
      "seen": {
        "s:27:40:27:Infinity": 0,
        "f:32:10:32:22": 0,
        "s:33:4:33:Infinity": 1,
        "s:35:4:35:Infinity": 2,
        "b:35:20:35:32:35:32:35:Infinity": 0,
        "b:36:4:39:Infinity:undefined:undefined:undefined:undefined": 1,
        "s:36:4:39:Infinity": 3,
        "s:37:18:37:Infinity": 4,
        "s:38:6:38:Infinity": 5,
        "f:42:9:42:20": 1,
        "s:43:4:43:Infinity": 6,
        "s:44:4:44:Infinity": 7,
        "f:47:9:47:41": 2,
        "s:48:19:48:Infinity": 8,
        "b:48:19:48:56:48:56:48:Infinity": 2,
        "s:49:4:49:Infinity": 9,
        "f:53:14:53:36": 3,
        "b:54:4:56:Infinity:undefined:undefined:undefined:undefined": 3,
        "s:54:4:56:Infinity": 10,
        "s:55:6:55:Infinity": 11,
        "s:57:4:57:Infinity": 12,
        "f:60:11:60:17": 4,
        "s:61:4:61:Infinity": 13,
        "f:64:11:64:16": 5,
        "s:65:4:65:Infinity": 14,
        "f:68:11:68:16": 6,
        "s:69:4:69:Infinity": 15,
        "f:72:11:72:17": 7,
        "s:73:4:73:Infinity": 16,
        "f:83:8:83:31": 8,
        "b:84:4:86:Infinity:undefined:undefined:undefined:undefined": 4,
        "s:84:4:86:Infinity": 17,
        "b:84:8:84:25:84:25:84:49": 5,
        "s:85:6:85:Infinity": 18,
        "s:87:4:89:Infinity": 19,
        "f:87:29:87:30": 9,
        "s:88:6:88:Infinity": 20,
        "f:88:24:88:30": 10,
        "s:88:30:88:39": 21,
        "f:92:10:92:21": 11,
        "b:93:4:95:Infinity:undefined:undefined:undefined:undefined": 6,
        "s:93:4:95:Infinity": 22,
        "s:94:6:94:Infinity": 23,
        "b:97:4:99:Infinity:undefined:undefined:undefined:undefined": 7,
        "s:97:4:99:Infinity": 24,
        "s:98:6:98:Infinity": 25,
        "s:101:28:105:Infinity": 26,
        "b:106:4:108:Infinity:undefined:undefined:undefined:undefined": 8,
        "s:106:4:108:Infinity": 27,
        "s:107:6:107:Infinity": 28,
        "s:110:4:115:Infinity": 29,
        "s:111:6:111:Infinity": 30
      },
      "fnNames": {}
    }
  },
  "/home/michal/Projects/feature-forge/.forge/worktrees/ws-91b6fdfa/packages/cli/src/logging/LogLevel.ts": {
    "path": "/home/michal/Projects/feature-forge/.forge/worktrees/ws-91b6fdfa/packages/cli/src/logging/LogLevel.ts",
    "statementMap": {
      "0": { "start": { "line": 8, "column": 7 }, "end": { "line": 8, "column": null } },
      "1": { "start": { "line": 9, "column": 2 }, "end": { "line": 9, "column": null } },
      "2": { "start": { "line": 10, "column": 2 }, "end": { "line": 10, "column": null } },
      "3": { "start": { "line": 11, "column": 2 }, "end": { "line": 11, "column": null } },
      "4": { "start": { "line": 12, "column": 2 }, "end": { "line": 12, "column": null } },
      "5": { "start": { "line": 8, "column": 12 }, "end": { "line": 8, "column": null } },
      "6": { "start": { "line": 16, "column": 43 }, "end": { "line": 16, "column": null } }
    },
    "fnMap": {
      "0": {
        "name": "(anonymous_0)",
        "decl": { "start": { "line": 8, "column": 7 }, "end": { "line": 8, "column": 12 } },
        "loc": { "start": { "line": 8, "column": 7 }, "end": { "line": 8, "column": null } },
        "line": 8
      }
    },
    "branchMap": {
      "0": {
        "loc": { "start": { "line": 8, "column": 12 }, "end": { "line": 8, "column": null } },
        "type": "binary-expr",
        "locations": [
          { "start": { "line": 8, "column": 12 }, "end": { "line": 8, "column": null } },
          { "start": { "line": 8, "column": 12 }, "end": { "line": 8, "column": null } }
        ],
        "line": 8
      }
    },
    "s": { "0": 1, "1": 1, "2": 1, "3": 1, "4": 1, "5": 1, "6": 1 },
    "f": { "0": 1 },
    "b": { "0": [1, 1] },
    "meta": {
      "lastBranch": 1,
      "lastFunction": 1,
      "lastStatement": 7,
      "seen": {
        "s:8:7:8:Infinity": 0,
        "f:8:7:8:12": 0,
        "s:9:2:9:Infinity": 1,
        "s:10:2:10:Infinity": 2,
        "s:11:2:11:Infinity": 3,
        "s:12:2:12:Infinity": 4,
        "s:8:12:8:Infinity": 5,
        "b:8:12:8:Infinity:8:12:8:Infinity": 0,
        "s:16:43:16:Infinity": 6
      },
      "fnNames": {}
    }
  },
  "/home/michal/Projects/feature-forge/.forge/worktrees/ws-91b6fdfa/packages/cli/src/logging/Logger.ts": {
    "path": "/home/michal/Projects/feature-forge/.forge/worktrees/ws-91b6fdfa/packages/cli/src/logging/Logger.ts",
    "statementMap": {
      "0": { "start": { "line": 21, "column": 4 }, "end": { "line": 23, "column": null } },
      "1": { "start": { "line": 22, "column": 6 }, "end": { "line": 22, "column": null } },
      "2": { "start": { "line": 24, "column": 4 }, "end": { "line": 24, "column": null } },
      "3": { "start": { "line": 36, "column": 4 }, "end": { "line": 36, "column": null } },
      "4": { "start": { "line": 37, "column": 4 }, "end": { "line": 37, "column": null } },
      "5": { "start": { "line": 45, "column": 4 }, "end": { "line": 45, "column": null } },
      "6": { "start": { "line": 49, "column": 4 }, "end": { "line": 49, "column": null } },
      "7": { "start": { "line": 53, "column": 4 }, "end": { "line": 53, "column": null } },
      "8": { "start": { "line": 75, "column": 4 }, "end": { "line": 75, "column": null } },
      "9": { "start": { "line": 75, "column": 14 }, "end": { "line": 75, "column": null } },
      "10": { "start": { "line": 76, "column": 23 }, "end": { "line": 76, "column": null } },
      "11": { "start": { "line": 77, "column": 16 }, "end": { "line": 77, "column": null } },
      "12": { "start": { "line": 78, "column": 4 }, "end": { "line": 80, "column": null } },
      "13": { "start": { "line": 79, "column": 6 }, "end": { "line": 79, "column": null } },
      "14": { "start": { "line": 81, "column": 4 }, "end": { "line": 81, "column": null } },
      "15": { "start": { "line": 93, "column": 4 }, "end": { "line": 93, "column": null } },
      "16": { "start": { "line": 97, "column": 22 }, "end": { "line": 97, "column": null } }
    },
    "fnMap": {
      "0": {
        "name": "constructor",
        "decl": { "start": { "line": 20, "column": 12 }, "end": { "line": 20, "column": 26 } },
        "loc": { "start": { "line": 20, "column": 26 }, "end": { "line": 25, "column": null } },
        "line": 20
      },
      "1": {
        "name": "initialize",
        "decl": { "start": { "line": 35, "column": 9 }, "end": { "line": 35, "column": 30 } },
        "loc": { "start": { "line": 35, "column": 30 }, "end": { "line": 38, "column": null } },
        "line": 35
      },
      "2": {
        "name": "resetForTest",
        "decl": { "start": { "line": 44, "column": 9 }, "end": { "line": 44, "column": 30 } },
        "loc": { "start": { "line": 44, "column": 30 }, "end": { "line": 46, "column": null } },
        "line": 44
      },
      "3": {
        "name": "setLogLevel",
        "decl": { "start": { "line": 48, "column": 9 }, "end": { "line": 48, "column": 21 } },
        "loc": { "start": { "line": 48, "column": 44 }, "end": { "line": 50, "column": null } },
        "line": 48
      },
      "4": {
        "name": "getLogLevel",
        "decl": { "start": { "line": 52, "column": 9 }, "end": { "line": 52, "column": 33 } },
        "loc": { "start": { "line": 52, "column": 33 }, "end": { "line": 54, "column": null } },
        "line": 52
      },
      "5": {
        "name": "error",
        "decl": { "start": { "line": 57, "column": 2 }, "end": { "line": 57, "column": 8 } },
        "loc": { "start": { "line": 57, "column": 65 }, "end": { "line": 57, "column": null } },
        "line": 57
      },
      "6": {
        "name": "warn",
        "decl": { "start": { "line": 60, "column": 2 }, "end": { "line": 60, "column": 7 } },
        "loc": { "start": { "line": 60, "column": 64 }, "end": { "line": 60, "column": null } },
        "line": 60
      },
      "7": {
        "name": "info",
        "decl": { "start": { "line": 63, "column": 2 }, "end": { "line": 63, "column": 7 } },
        "loc": { "start": { "line": 63, "column": 64 }, "end": { "line": 63, "column": null } },
        "line": 63
      },
      "8": {
        "name": "debug",
        "decl": { "start": { "line": 66, "column": 2 }, "end": { "line": 66, "column": 8 } },
        "loc": { "start": { "line": 66, "column": 65 }, "end": { "line": 66, "column": null } },
        "line": 66
      },
      "9": {
        "name": "parseLogLevel",
        "decl": { "start": { "line": 74, "column": 12 }, "end": { "line": 74, "column": 26 } },
        "loc": { "start": { "line": 74, "column": 73 }, "end": { "line": 82, "column": null } },
        "line": 74
      },
      "10": {
        "name": "shouldLog",
        "decl": { "start": { "line": 92, "column": 12 }, "end": { "line": 92, "column": 22 } },
        "loc": { "start": { "line": 92, "column": 73 }, "end": { "line": 94, "column": null } },
        "line": 92
      }
    },
    "branchMap": {
      "0": {
        "loc": { "start": { "line": 21, "column": 4 }, "end": { "line": 23, "column": null } },
        "type": "if",
        "locations": [
          { "start": { "line": 21, "column": 4 }, "end": { "line": 23, "column": null } },
          { "start": {}, "end": {} }
        ],
        "line": 21
      },
      "1": {
        "loc": { "start": { "line": 24, "column": 17 }, "end": { "line": 24, "column": null } },
        "type": "binary-expr",
        "locations": [
          { "start": { "line": 24, "column": 17 }, "end": { "line": 24, "column": 76 } },
          { "start": { "line": 24, "column": 76 }, "end": { "line": 24, "column": null } }
        ],
        "line": 24
      },
      "2": {
        "loc": { "start": { "line": 75, "column": 4 }, "end": { "line": 75, "column": null } },
        "type": "if",
        "locations": [
          { "start": { "line": 75, "column": 4 }, "end": { "line": 75, "column": null } },
          { "start": {}, "end": {} }
        ],
        "line": 75
      },
      "3": {
        "loc": { "start": { "line": 78, "column": 4 }, "end": { "line": 80, "column": null } },
        "type": "if",
        "locations": [
          { "start": { "line": 78, "column": 4 }, "end": { "line": 80, "column": null } },
          { "start": {}, "end": {} }
        ],
        "line": 78
      }
    },
    "s": {
      "0": 1,
      "1": 1,
      "2": 1,
      "3": 1,
      "4": 1,
      "5": 0,
      "6": 0,
      "7": 0,
      "8": 1,
      "9": 1,
      "10": 0,
      "11": 0,
      "12": 0,
      "13": 0,
      "14": 0,
      "15": 0,
      "16": 1
    },
    "f": {
      "0": 1,
      "1": 1,
      "2": 1,
      "3": 1,
      "4": 1,
      "5": 0,
      "6": 0,
      "7": 0,
      "8": 0,
      "9": 1,
      "10": 0
    },
    "b": { "0": [1, 0], "1": [1, 1], "2": [1, 0], "3": [0, 0] },
    "meta": {
      "lastBranch": 4,
      "lastFunction": 11,
      "lastStatement": 17,
      "seen": {
        "f:20:12:20:26": 0,
        "b:21:4:23:Infinity:undefined:undefined:undefined:undefined": 0,
        "s:21:4:23:Infinity": 0,
        "s:22:6:22:Infinity": 1,
        "s:24:4:24:Infinity": 2,
        "b:24:17:24:76:24:76:24:Infinity": 1,
        "f:35:9:35:30": 1,
        "s:36:4:36:Infinity": 3,
        "s:37:4:37:Infinity": 4,
        "f:44:9:44:30": 2,
        "s:45:4:45:Infinity": 5,
        "f:48:9:48:21": 3,
        "s:49:4:49:Infinity": 6,
        "f:52:9:52:33": 4,
        "s:53:4:53:Infinity": 7,
        "f:57:2:57:8": 5,
        "f:60:2:60:7": 6,
        "f:63:2:63:7": 7,
        "f:66:2:66:8": 8,
        "f:74:12:74:26": 9,
        "b:75:4:75:Infinity:undefined:undefined:undefined:undefined": 2,
        "s:75:4:75:Infinity": 8,
        "s:75:14:75:Infinity": 9,
        "s:76:23:76:Infinity": 10,
        "s:77:16:77:Infinity": 11,
        "b:78:4:80:Infinity:undefined:undefined:undefined:undefined": 3,
        "s:78:4:80:Infinity": 12,
        "s:79:6:79:Infinity": 13,
        "s:81:4:81:Infinity": 14,
        "f:92:12:92:22": 10,
        "s:93:4:93:Infinity": 15,
        "s:97:22:97:Infinity": 16
      },
      "fnNames": {}
    }
  },
  "/home/michal/Projects/feature-forge/.forge/worktrees/ws-91b6fdfa/packages/cli/src/logging/index.ts": {
    "path": "/home/michal/Projects/feature-forge/.forge/worktrees/ws-91b6fdfa/packages/cli/src/logging/index.ts",
    "statementMap": {},
    "fnMap": {},
    "branchMap": {},
    "s": {},
    "f": {},
    "b": {},
    "meta": { "lastBranch": 0, "lastFunction": 0, "lastStatement": 0, "seen": {}, "fnNames": {} }
  },
  "/home/michal/Projects/feature-forge/.forge/worktrees/ws-91b6fdfa/packages/cli/src/orchestrator/progress/AgentViewerOverlay.ts": {
    "path": "/home/michal/Projects/feature-forge/.forge/worktrees/ws-91b6fdfa/packages/cli/src/orchestrator/progress/AgentViewerOverlay.ts",
    "statementMap": {
      "0": { "start": { "line": 65, "column": 31 }, "end": { "line": 65, "column": null } },
      "1": { "start": { "line": 72, "column": 24 }, "end": { "line": 77, "column": null } },
      "2": { "start": { "line": 91, "column": 19 }, "end": { "line": 91, "column": null } },
      "3": { "start": { "line": 94, "column": 22 }, "end": { "line": 94, "column": null } },
      "4": { "start": { "line": 97, "column": 24 }, "end": { "line": 97, "column": null } },
      "5": { "start": { "line": 112, "column": 23 }, "end": { "line": 112, "column": null } },
      "6": { "start": { "line": 115, "column": 18 }, "end": { "line": 115, "column": null } },
      "7": { "start": { "line": 121, "column": 17 }, "end": { "line": 121, "column": null } },
      "8": { "start": { "line": 124, "column": 26 }, "end": { "line": 124, "column": null } },
      "9": { "start": { "line": 131, "column": 28 }, "end": { "line": 131, "column": null } },
      "10": { "start": { "line": 137, "column": 29 }, "end": { "line": 140, "column": null } },
      "11": { "start": { "line": 148, "column": 4 }, "end": { "line": 148, "column": null } },
      "12": { "start": { "line": 149, "column": 4 }, "end": { "line": 149, "column": null } },
      "13": { "start": { "line": 150, "column": 4 }, "end": { "line": 150, "column": null } },
      "14": { "start": { "line": 163, "column": 4 }, "end": { "line": 163, "column": null } },
      "15": { "start": { "line": 171, "column": 4 }, "end": { "line": 171, "column": null } },
      "16": { "start": { "line": 171, "column": 19 }, "end": { "line": 171, "column": null } },
      "17": { "start": { "line": 182, "column": 4 }, "end": { "line": 182, "column": null } },
      "18": { "start": { "line": 188, "column": 4 }, "end": { "line": 190, "column": null } },
      "19": { "start": { "line": 189, "column": 6 }, "end": { "line": 189, "column": null } },
      "20": { "start": { "line": 191, "column": 4 }, "end": { "line": 191, "column": null } },
      "21": { "start": { "line": 195, "column": 4 }, "end": { "line": 205, "column": null } },
      "22": { "start": { "line": 196, "column": 6 }, "end": { "line": 202, "column": null } },
      "23": { "start": { "line": 197, "column": 8 }, "end": { "line": 197, "column": null } },
      "24": { "start": { "line": 198, "column": 8 }, "end": { "line": 198, "column": null } },
      "25": { "start": { "line": 199, "column": 8 }, "end": { "line": 199, "column": null } },
      "26": { "start": { "line": 200, "column": 8 }, "end": { "line": 200, "column": null } },
      "27": { "start": { "line": 201, "column": 8 }, "end": { "line": 201, "column": null } },
      "28": { "start": { "line": 203, "column": 6 }, "end": { "line": 203, "column": null } },
      "29": { "start": { "line": 204, "column": 6 }, "end": { "line": 204, "column": null } },
      "30": { "start": { "line": 207, "column": 4 }, "end": { "line": 210, "column": null } },
      "31": { "start": { "line": 208, "column": 6 }, "end": { "line": 208, "column": null } },
      "32": { "start": { "line": 209, "column": 6 }, "end": { "line": 209, "column": null } },
      "33": { "start": { "line": 212, "column": 4 }, "end": { "line": 212, "column": null } },
      "34": { "start": { "line": 228, "column": 21 }, "end": { "line": 228, "column": null } },
      "35": { "start": { "line": 229, "column": 4 }, "end": { "line": 229, "column": null } },
      "36": { "start": { "line": 230, "column": 4 }, "end": { "line": 230, "column": null } },
      "37": { "start": { "line": 241, "column": 4 }, "end": { "line": 241, "column": null } },
      "38": { "start": { "line": 242, "column": 4 }, "end": { "line": 242, "column": null } },
      "39": { "start": { "line": 243, "column": 4 }, "end": { "line": 243, "column": null } },
      "40": { "start": { "line": 244, "column": 4 }, "end": { "line": 244, "column": null } },
      "41": { "start": { "line": 245, "column": 4 }, "end": { "line": 245, "column": null } },
      "42": { "start": { "line": 250, "column": 4 }, "end": { "line": 250, "column": null } },
      "43": { "start": { "line": 262, "column": 4 }, "end": { "line": 264, "column": null } },
      "44": { "start": { "line": 263, "column": 6 }, "end": { "line": 263, "column": null } },
      "45": { "start": { "line": 266, "column": 17 }, "end": { "line": 266, "column": null } },
      "46": { "start": { "line": 267, "column": 4 }, "end": { "line": 267, "column": null } },
      "47": { "start": { "line": 274, "column": 6 }, "end": { "line": 277, "column": null } },
[...]
      "4": { "start": { "line": 40, "column": 4 }, "end": { "line": 40, "column": null } },
      "5": { "start": { "line": 41, "column": 4 }, "end": { "line": 41, "column": null } },
      "6": { "start": { "line": 49, "column": 4 }, "end": { "line": 51, "column": null } },
      "7": { "start": { "line": 50, "column": 6 }, "end": { "line": 50, "column": null } },
      "8": { "start": { "line": 52, "column": 4 }, "end": { "line": 52, "column": null } },
      "9": { "start": { "line": 53, "column": 4 }, "end": { "line": 53, "column": null } },
      "10": { "start": { "line": 66, "column": 4 }, "end": { "line": 66, "column": null } },
      "11": { "start": { "line": 68, "column": 4 }, "end": { "line": 70, "column": null } },
      "12": { "start": { "line": 69, "column": 6 }, "end": { "line": 69, "column": null } },
      "13": { "start": { "line": 72, "column": 4 }, "end": { "line": 86, "column": null } },
      "14": { "start": { "line": 73, "column": 18 }, "end": { "line": 73, "column": null } },
      "15": { "start": { "line": 74, "column": 19 }, "end": { "line": 74, "column": null } },
      "16": { "start": { "line": 76, "column": 6 }, "end": { "line": 79, "column": null } },
      "17": { "start": { "line": 77, "column": 23 }, "end": { "line": 77, "column": null } },
      "18": { "start": { "line": 78, "column": 8 }, "end": { "line": 78, "column": null } },
      "19": { "start": { "line": 81, "column": 6 }, "end": { "line": 81, "column": null } },
      "20": { "start": { "line": 82, "column": 6 }, "end": { "line": 85, "column": null } },
      "21": { "start": { "line": 93, "column": 10 }, "end": { "line": 93, "column": null } },
      "22": { "start": { "line": 94, "column": 4 }, "end": { "line": 96, "column": null } },
      "23": { "start": { "line": 95, "column": 6 }, "end": { "line": 95, "column": null } },
      "24": { "start": { "line": 98, "column": 17 }, "end": { "line": 98, "column": null } },
      "25": { "start": { "line": 98, "column": 65 }, "end": { "line": 98, "column": 80 } },
      "26": { "start": { "line": 99, "column": 4 }, "end": { "line": 99, "column": null } }
    },
    "fnMap": {
      "0": {
        "name": "constructor",
        "decl": { "start": { "line": 22, "column": 2 }, "end": { "line": 22, "column": 31 } },
        "loc": { "start": { "line": 22, "column": 84 }, "end": { "line": 24, "column": null } },
        "line": 22
      },
      "1": {
        "name": "(anonymous_1)",
        "decl": { "start": { "line": 32, "column": 30 }, "end": { "line": 32, "column": 31 } },
        "loc": { "start": { "line": 32, "column": 61 }, "end": { "line": 34, "column": null } },
        "line": 32
      },
      "2": {
        "name": "register",
        "decl": { "start": { "line": 39, "column": 8 }, "end": { "line": 39, "column": 17 } },
        "loc": { "start": { "line": 39, "column": 57 }, "end": { "line": 42, "column": null } },
        "line": 39
      },
      "3": {
        "name": "remove",
        "decl": { "start": { "line": 48, "column": 8 }, "end": { "line": 48, "column": 15 } },
        "loc": { "start": { "line": 48, "column": 44 }, "end": { "line": 54, "column": null } },
        "line": 48
      },
      "4": {
        "name": "load",
        "decl": { "start": { "line": 65, "column": 8 }, "end": { "line": 65, "column": 30 } },
        "loc": { "start": { "line": 65, "column": 30 }, "end": { "line": 87, "column": null } },
        "line": 65
      },
      "5": {
        "name": "persist",
        "decl": { "start": { "line": 92, "column": 16 }, "end": { "line": 92, "column": 41 } },
        "loc": { "start": { "line": 92, "column": 41 }, "end": { "line": 100, "column": null } },
        "line": 92
      },
      "6": {
        "name": "(anonymous_6)",
        "decl": { "start": { "line": 98, "column": 53 }, "end": { "line": 98, "column": 54 } },
        "loc": { "start": { "line": 98, "column": 65 }, "end": { "line": 98, "column": 80 } },
        "line": 98
      }
    },
    "branchMap": {
      "0": {
        "loc": { "start": { "line": 22, "column": 31 }, "end": { "line": 22, "column": 84 } },
        "type": "default-arg",
        "locations": [
          { "start": { "line": 22, "column": 45 }, "end": { "line": 22, "column": 84 } }
        ],
        "line": 22
      },
      "1": {
        "loc": { "start": { "line": 33, "column": 19 }, "end": { "line": 33, "column": 46 } },
        "type": "binary-expr",
        "locations": [
          { "start": { "line": 33, "column": 19 }, "end": { "line": 33, "column": 31 } },
          { "start": { "line": 33, "column": 31 }, "end": { "line": 33, "column": 46 } }
        ],
        "line": 33
      },
      "2": {
        "loc": { "start": { "line": 49, "column": 4 }, "end": { "line": 51, "column": null } },
        "type": "if",
        "locations": [
          { "start": { "line": 49, "column": 4 }, "end": { "line": 51, "column": null } },
          { "start": {}, "end": {} }
        ],
        "line": 49
      },
      "3": {
        "loc": { "start": { "line": 68, "column": 4 }, "end": { "line": 70, "column": null } },
        "type": "if",
        "locations": [
          { "start": { "line": 68, "column": 4 }, "end": { "line": 70, "column": null } },
          { "start": {}, "end": {} }
        ],
        "line": 68
      },
      "4": {
        "loc": { "start": { "line": 84, "column": 8 }, "end": { "line": 84, "column": null } },
        "type": "cond-expr",
        "locations": [
          { "start": { "line": 84, "column": 33 }, "end": { "line": 84, "column": 41 } },
          { "start": { "line": 84, "column": 41 }, "end": { "line": 84, "column": null } }
        ],
        "line": 84
      },
      "5": {
        "loc": { "start": { "line": 94, "column": 4 }, "end": { "line": 96, "column": null } },
        "type": "if",
        "locations": [
          { "start": { "line": 94, "column": 4 }, "end": { "line": 96, "column": null } },
          { "start": {}, "end": {} }
        ],
        "line": 94
      }
    },
    "s": {
      "0": 0,
      "1": 0,
      "2": 0,
      "3": 0,
      "4": 0,
      "5": 0,
      "6": 0,
      "7": 0,
      "8": 0,
      "9": 0,
      "10": 0,
      "11": 0,
      "12": 0,
      "13": 0,
      "14": 0,
      "15": 0,
      "16": 0,
      "17": 0,
      "18": 0,
      "19": 0,
      "20": 0,
      "21": 0,
      "22": 0,
      "23": 0,
      "24": 0,
      "25": 0,
      "26": 0
    },
    "f": { "0": 0, "1": 0, "2": 0, "3": 0, "4": 0, "5": 0, "6": 0 },
    "b": { "0": [0], "1": [0, 0], "2": [0, 0], "3": [0, 0], "4": [0, 0], "5": [0, 0] },
    "meta": {
      "lastBranch": 6,
      "lastFunction": 7,
      "lastStatement": 27,
      "seen": {
        "s:32:30:34:Infinity": 0,
        "f:22:2:22:31": 0,
        "b:22:45:22:84": 0,
        "s:23:4:23:Infinity": 1,
        "s:22:31:22:45": 2,
        "f:32:30:32:31": 1,
        "s:33:4:33:Infinity": 3,
        "b:33:19:33:31:33:31:33:46": 1,
        "f:39:8:39:17": 2,
        "s:40:4:40:Infinity": 4,
        "s:41:4:41:Infinity": 5,
        "f:48:8:48:15": 3,
        "b:49:4:51:Infinity:undefined:undefined:undefined:undefined": 2,
        "s:49:4:51:Infinity": 6,
        "s:50:6:50:Infinity": 7,
        "s:52:4:52:Infinity": 8,
        "s:53:4:53:Infinity": 9,
        "f:65:8:65:30": 4,
        "s:66:4:66:Infinity": 10,
        "b:68:4:70:Infinity:undefined:undefined:undefined:undefined": 3,
        "s:68:4:70:Infinity": 11,
        "s:69:6:69:Infinity": 12,
        "s:72:4:86:Infinity": 13,
        "s:73:18:73:Infinity": 14,
        "s:74:19:74:Infinity": 15,
        "s:76:6:79:Infinity": 16,
        "s:77:23:77:Infinity": 17,
        "s:78:8:78:Infinity": 18,
        "s:81:6:81:Infinity": 19,
        "s:82:6:85:Infinity": 20,
        "b:84:33:84:41:84:41:84:Infinity": 4,
        "f:92:16:92:41": 5,
        "s:93:10:93:Infinity": 21,
        "b:94:4:96:Infinity:undefined:undefined:undefined:undefined": 5,
        "s:94:4:96:Infinity": 22,
        "s:95:6:95:Infinity": 23,
        "s:98:17:98:Infinity": 24,
        "f:98:53:98:54": 6,
        "s:98:65:98:80": 25,
        "s:99:4:99:Infinity": 26
      },
      "fnNames": {}
    }
  },
  "/home/michal/Projects/feature-forge/.forge/worktrees/ws-91b6fdfa/packages/shared/src/index.ts": {
    "path": "/home/michal/Projects/feature-forge/.forge/worktrees/ws-91b6fdfa/packages/shared/src/index.ts",
    "statementMap": {},
    "fnMap": {},
    "branchMap": {},
    "s": {},
    "f": {},
    "b": {},
    "meta": { "lastBranch": 0, "lastFunction": 0, "lastStatement": 0, "seen": {}, "fnNames": {} }
  },
  "/home/michal/Projects/feature-forge/.forge/worktrees/ws-91b6fdfa/packages/shared/src/test-utils.ts": {
    "path": "/home/michal/Projects/feature-forge/.forge/worktrees/ws-91b6fdfa/packages/shared/src/test-utils.ts",
    "statementMap": {
      "0": { "start": { "line": 14, "column": 4 }, "end": { "line": 18, "column": null } },
      "1": { "start": { "line": 20, "column": 2 }, "end": { "line": 20, "column": null } },
      "2": { "start": { "line": 23, "column": 4 }, "end": { "line": 23, "column": null } },
      "3": { "start": { "line": 26, "column": 2 }, "end": { "line": 38, "column": null } },
      "4": { "start": { "line": 28, "column": 6 }, "end": { "line": 28, "column": null } },
      "5": { "start": { "line": 30, "column": 23 }, "end": { "line": 30, "column": null } },
      "6": { "start": { "line": 32, "column": 45 }, "end": { "line": 37, "column": null } }
    },
    "fnMap": {
      "0": {
        "name": "createRpcClientMock",
        "decl": { "start": { "line": 10, "column": 16 }, "end": { "line": 10, "column": 53 } },
        "loc": { "start": { "line": 10, "column": 53 }, "end": { "line": 39, "column": null } },
        "line": 10
      },
      "1": {
        "name": "reset",
        "decl": { "start": { "line": 13, "column": 11 }, "end": { "line": 13, "column": 19 } },
        "loc": { "start": { "line": 13, "column": 19 }, "end": { "line": 19, "column": null } },
        "line": 13
      },
      "2": {
        "name": "MockRpcClientConstructor",
        "decl": { "start": { "line": 22, "column": 11 }, "end": { "line": 22, "column": 38 } },
        "loc": { "start": { "line": 22, "column": 38 }, "end": { "line": 24, "column": null } },
        "line": 22
      },
      "3": {
        "name": "instance",
        "decl": { "start": { "line": 27, "column": 8 }, "end": { "line": 27, "column": 19 } },
        "loc": { "start": { "line": 27, "column": 19 }, "end": { "line": 29, "column": null } },
        "line": 27
      },
      "4": {
        "name": "(anonymous_4)",
        "decl": { "start": { "line": 30, "column": 17 }, "end": { "line": 30, "column": 23 } },
        "loc": { "start": { "line": 30, "column": 23 }, "end": { "line": 30, "column": null } },
        "line": 30
      },
      "5": {
        "name": "(anonymous_5)",
        "decl": { "start": { "line": 32, "column": 13 }, "end": { "line": 32, "column": 45 } },
        "loc": { "start": { "line": 32, "column": 45 }, "end": { "line": 37, "column": null } },
        "line": 32
      }
    },
    "branchMap": {},
    "s": { "0": 0, "1": 0, "2": 0, "3": 0, "4": 0, "5": 0, "6": 0 },
    "f": { "0": 0, "1": 0, "2": 0, "3": 0, "4": 0, "5": 0 },
    "b": {},
    "meta": {
      "lastBranch": 0,
      "lastFunction": 6,
      "lastStatement": 7,
      "seen": {
        "f:10:16:10:53": 0,
        "f:13:11:13:19": 1,
        "s:14:4:18:Infinity": 0,
        "s:20:2:20:Infinity": 1,
        "f:22:11:22:38": 2,
        "s:23:4:23:Infinity": 2,
        "s:26:2:38:Infinity": 3,
        "f:27:8:27:19": 3,
        "s:28:6:28:Infinity": 4,
        "f:30:17:30:23": 4,
        "s:30:23:30:Infinity": 5,
        "f:32:13:32:45": 5,
        "s:32:45:37:Infinity": 6
      },
      "fnNames": {}
    }
  },
  "/home/michal/Projects/feature-forge/.forge/worktrees/ws-91b6fdfa/packages/shared/src/agents/AgentStatus.ts": {
    "path": "/home/michal/Projects/feature-forge/.forge/worktrees/ws-91b6fdfa/packages/shared/src/agents/AgentStatus.ts",
    "statementMap": {
      "0": { "start": { "line": 9, "column": 7 }, "end": { "line": 9, "column": null } },
      "1": { "start": { "line": 11, "column": 2 }, "end": { "line": 11, "column": null } },
      "2": { "start": { "line": 14, "column": 2 }, "end": { "line": 14, "column": null } },
      "3": { "start": { "line": 17, "column": 2 }, "end": { "line": 17, "column": null } },
      "4": { "start": { "line": 20, "column": 2 }, "end": { "line": 20, "column": null } },
      "5": { "start": { "line": 23, "column": 2 }, "end": { "line": 23, "column": null } },
      "6": { "start": { "line": 9, "column": 12 }, "end": { "line": 9, "column": null } }
    },
    "fnMap": {
      "0": {
        "name": "(anonymous_0)",
        "decl": { "start": { "line": 9, "column": 7 }, "end": { "line": 9, "column": 12 } },
        "loc": { "start": { "line": 9, "column": 7 }, "end": { "line": 9, "column": null } },
        "line": 9
      }
    },
    "branchMap": {
      "0": {
        "loc": { "start": { "line": 9, "column": 12 }, "end": { "line": 9, "column": null } },
        "type": "binary-expr",
        "locations": [
          { "start": { "line": 9, "column": 12 }, "end": { "line": 9, "column": null } },
          { "start": { "line": 9, "column": 12 }, "end": { "line": 9, "column": null } }
        ],
        "line": 9
      }
    },
    "s": { "0": 1, "1": 1, "2": 1, "3": 1, "4": 1, "5": 1, "6": 1 },
    "f": { "0": 1 },
    "b": { "0": [1, 1] },
    "meta": {
      "lastBranch": 1,
      "lastFunction": 1,
      "lastStatement": 7,
      "seen": {
        "s:9:7:9:Infinity": 0,
        "f:9:7:9:12": 0,
        "s:11:2:11:Infinity": 1,
        "s:14:2:14:Infinity": 2,
        "s:17:2:17:Infinity": 3,
        "s:20:2:20:Infinity": 4,
        "s:23:2:23:Infinity": 5,
        "s:9:12:9:Infinity": 6,
        "b:9:12:9:Infinity:9:12:9:Infinity": 0
      },
      "fnNames": {}
    }
  },
  "/home/michal/Projects/feature-forge/.forge/worktrees/ws-91b6fdfa/packages/shared/src/agents/index.ts": {
    "path": "/home/michal/Projects/feature-forge/.forge/worktrees/ws-91b6fdfa/packages/shared/src/agents/index.ts",
    "statementMap": {},
    "fnMap": {},
    "branchMap": {},
    "s": {},
    "f": {},
    "b": {},
    "meta": { "lastBranch": 0, "lastFunction": 0, "lastStatement": 0, "seen": {}, "fnNames": {} }
  },
  "/home/michal/Projects/feature-forge/.forge/worktrees/ws-91b6fdfa/packages/shared/src/registry/Registry.ts": {
    "path": "/home/michal/Projects/feature-forge/.forge/worktrees/ws-91b6fdfa/packages/shared/src/registry/Registry.ts",
    "statementMap": {
      "0": { "start": { "line": 2, "column": 29 }, "end": { "line": 2, "column": null } },
      "1": { "start": { "line": 5, "column": 4 }, "end": { "line": 5, "column": null } },
      "2": { "start": { "line": 9, "column": 4 }, "end": { "line": 9, "column": null } },
      "3": { "start": { "line": 13, "column": 4 }, "end": { "line": 15, "column": null } },
      "4": { "start": { "line": 14, "column": 6 }, "end": { "line": 14, "column": null } },
      "5": { "start": { "line": 16, "column": 4 }, "end": { "line": 16, "column": null } },
      "6": { "start": { "line": 20, "column": 4 }, "end": { "line": 20, "column": null } },
      "7": { "start": { "line": 24, "column": 4 }, "end": { "line": 24, "column": null } },
      "8": { "start": { "line": 28, "column": 4 }, "end": { "line": 28, "column": null } },
      "9": { "start": { "line": 32, "column": 4 }, "end": { "line": 32, "column": null } }
    },
    "fnMap": {
      "0": {
        "name": "get",
        "decl": { "start": { "line": 4, "column": 2 }, "end": { "line": 4, "column": 6 } },
        "loc": { "start": { "line": 4, "column": 35 }, "end": { "line": 6, "column": null } },
        "line": 4
      },
      "1": {
        "name": "getAll",
        "decl": { "start": { "line": 8, "column": 2 }, "end": { "line": 8, "column": 25 } },
        "loc": { "start": { "line": 8, "column": 25 }, "end": { "line": 10, "column": null } },
        "line": 8
      },
      "2": {
        "name": "set",
        "decl": { "start": { "line": 12, "column": 2 }, "end": { "line": 12, "column": 6 } },
        "loc": { "start": { "line": 12, "column": 35 }, "end": { "line": 17, "column": null } },
        "line": 12
      },
      "3": {
        "name": "unregister",
        "decl": { "start": { "line": 19, "column": 2 }, "end": { "line": 19, "column": 13 } },
        "loc": { "start": { "line": 19, "column": 36 }, "end": { "line": 21, "column": null } },
        "line": 19
      },
      "4": {
        "name": "where",
        "decl": { "start": { "line": 23, "column": 2 }, "end": { "line": 23, "column": 8 } },
        "loc": { "start": { "line": 23, "column": 55 }, "end": { "line": 25, "column": null } },
        "line": 23
      },
      "5": {
        "name": "has",
        "decl": { "start": { "line": 27, "column": 2 }, "end": { "line": 27, "column": 6 } },
        "loc": { "start": { "line": 27, "column": 29 }, "end": { "line": 29, "column": null } },
        "line": 27
      },
      "6": {
        "name": "size",
        "decl": { "start": { "line": 31, "column": 6 }, "end": { "line": 31, "column": 21 } },
        "loc": { "start": { "line": 31, "column": 21 }, "end": { "line": 33, "column": null } },
        "line": 31
      }
    },
    "branchMap": {
      "0": {
        "loc": { "start": { "line": 13, "column": 4 }, "end": { "line": 15, "column": null } },
        "type": "if",
        "locations": [
          { "start": { "line": 13, "column": 4 }, "end": { "line": 15, "column": null } },
          { "start": {}, "end": {} }
        ],
        "line": 13
      }
    },
    "s": { "0": 0, "1": 0, "2": 0, "3": 0, "4": 0, "5": 0, "6": 0, "7": 0, "8": 0, "9": 0 },
    "f": { "0": 0, "1": 0, "2": 0, "3": 0, "4": 0, "5": 0, "6": 0 },
    "b": { "0": [0, 0] },
    "meta": {
      "lastBranch": 1,
      "lastFunction": 7,
      "lastStatement": 10,
      "seen": {
        "s:2:29:2:Infinity": 0,
        "f:4:2:4:6": 0,
        "s:5:4:5:Infinity": 1,
        "f:8:2:8:25": 1,
        "s:9:4:9:Infinity": 2,
        "f:12:2:12:6": 2,
        "b:13:4:15:Infinity:undefined:undefined:undefined:undefined": 0,
        "s:13:4:15:Infinity": 3,
        "s:14:6:14:Infinity": 4,
        "s:16:4:16:Infinity": 5,
        "f:19:2:19:13": 3,
        "s:20:4:20:Infinity": 6,
        "f:23:2:23:8": 4,
        "s:24:4:24:Infinity": 7,
        "f:27:2:27:6": 5,
        "s:28:4:28:Infinity": 8,
        "f:31:6:31:21": 6,
        "s:32:4:32:Infinity": 9
      },
      "fnNames": {}
    }
  },
  "/home/michal/Projects/feature-forge/.forge/worktrees/ws-91b6fdfa/packages/shared/src/registry/index.ts": {
    "path": "/home/michal/Projects/feature-forge/.forge/worktrees/ws-91b6fdfa/packages/shared/src/registry/index.ts",
    "statementMap": {},
    "fnMap": {},
    "branchMap": {},
    "s": {},
    "f": {},
    "b": {},
    "meta": { "lastBranch": 0, "lastFunction": 0, "lastStatement": 0, "seen": {}, "fnNames": {} }
  },
  "/home/michal/Projects/feature-forge/.forge/worktrees/ws-91b6fdfa/packages/shared/src/tools/Tool.ts": {
    "path": "/home/michal/Projects/feature-forge/.forge/worktrees/ws-91b6fdfa/packages/shared/src/tools/Tool.ts",
    "statementMap": {},
    "fnMap": {},
    "branchMap": {},
    "s": {},
    "f": {},
    "b": {},
    "meta": { "lastBranch": 0, "lastFunction": 0, "lastStatement": 0, "seen": {}, "fnNames": {} }
  },
  "/home/michal/Projects/feature-forge/.forge/worktrees/ws-91b6fdfa/packages/shared/src/tools/index.ts": {
    "path": "/home/michal/Projects/feature-forge/.forge/worktrees/ws-91b6fdfa/packages/shared/src/tools/index.ts",
    "statementMap": {},
    "fnMap": {},
    "branchMap": {},
    "s": {},
    "f": {},
    "b": {},
    "meta": { "lastBranch": 0, "lastFunction": 0, "lastStatement": 0, "seen": {}, "fnNames": {} }
  }
}
